2024-10-19 11:40:36,445 - error_patient - ERROR - 1183 - An error occurred while processing the request
Traceback (most recent call last):
  File "/home/poweruser/Desktop/PRODUCTIONTESTING/digiquest/patient/views.py", line 1156, in post
    existing_record = PatientRecord.objects.filter(patient=patient_register, appointment=appointment)
  File "/home/poweruser/Desktop/PRODUCTIONTESTING/venv/lib/python3.8/site-packages/django/db/models/manager.py", line 87, in manager_method
    return getattr(self.get_queryset(), name)(*args, **kwargs)
  File "/home/poweruser/Desktop/PRODUCTIONTESTING/venv/lib/python3.8/site-packages/django/db/models/query.py", line 1436, in filter
    return self._filter_or_exclude(False, args, kwargs)
  File "/home/poweruser/Desktop/PRODUCTIONTESTING/venv/lib/python3.8/site-packages/django/db/models/query.py", line 1454, in _filter_or_exclude
    clone._filter_or_exclude_inplace(negate, args, kwargs)
  File "/home/poweruser/Desktop/PRODUCTIONTESTING/venv/lib/python3.8/site-packages/django/db/models/query.py", line 1461, in _filter_or_exclude_inplace
    self._query.add_q(Q(*args, **kwargs))
  File "/home/poweruser/Desktop/PRODUCTIONTESTING/venv/lib/python3.8/site-packages/django/db/models/sql/query.py", line 1546, in add_q
    clause, _ = self._add_q(q_object, self.used_aliases)
  File "/home/poweruser/Desktop/PRODUCTIONTESTING/venv/lib/python3.8/site-packages/django/db/models/sql/query.py", line 1577, in _add_q
    child_clause, needed_inner = self.build_filter(
  File "/home/poweruser/Desktop/PRODUCTIONTESTING/venv/lib/python3.8/site-packages/django/db/models/sql/query.py", line 1465, in build_filter
    self.check_related_objects(join_info.final_field, value, join_info.opts)
  File "/home/poweruser/Desktop/PRODUCTIONTESTING/venv/lib/python3.8/site-packages/django/db/models/sql/query.py", line 1276, in check_related_objects
    self.check_query_object_type(value, opts, field)
  File "/home/poweruser/Desktop/PRODUCTIONTESTING/venv/lib/python3.8/site-packages/django/db/models/sql/query.py", line 1253, in check_query_object_type
    raise ValueError(
ValueError: Cannot query "PatientRegister object (19)": Must be "PatientVarryDetails" instance.
2024-10-19 11:43:02,208 - error_patient - ERROR - 1180 - Data is not valid
2024-10-19 12:03:10,505 - error_patient - ERROR - 1161 - Patient record already exists for this patient and appointment
2024-10-21 11:53:27,733 - error_patient - ERROR - 275 - OTP has expired or mobile number is not registered: 8182820987
2024-10-22 11:29:11,279 - error_patient - ERROR - 1147 - Appointment ID and patient ID are missing in the request
2024-10-23 10:00:05,407 - error_patient - ERROR - 802 - Error occurred in get request: PatientVarryDetails matching query does not exist.
2024-10-23 10:00:07,669 - error_patient - ERROR - 802 - Error occurred in get request: PatientVarryDetails matching query does not exist.
2024-10-23 10:02:27,355 - error_patient - ERROR - 802 - Error occurred in get request: PatientVarryDetails matching query does not exist.
2024-10-23 10:02:37,400 - error_patient - ERROR - 802 - Error occurred in get request: PatientVarryDetails matching query does not exist.
2024-10-23 10:07:01,495 - error_patient - ERROR - 802 - Error occurred in get request: PatientVarryDetails matching query does not exist.
2024-10-23 10:07:20,843 - error_patient - ERROR - 802 - Error occurred in get request: PatientVarryDetails matching query does not exist.
2024-10-23 10:09:09,844 - error_patient - ERROR - 1208 - Patient varry details not found for the given patient ID: 2
2024-10-23 10:09:27,792 - error_patient - ERROR - 1208 - Patient varry details not found for the given patient ID: 2
2024-10-23 10:10:57,967 - error_patient - ERROR - 1163 - Patient record already exists for this patient and appointment
2024-10-23 10:11:12,239 - error_patient - ERROR - 1163 - Patient record already exists for this patient and appointment
2024-10-23 10:11:19,906 - error_patient - ERROR - 1208 - Patient varry details not found for the given patient ID: 2
2024-10-23 10:11:34,227 - error_patient - ERROR - 1163 - Patient record already exists for this patient and appointment
2024-10-23 10:19:08,186 - error_patient - ERROR - 802 - Error occurred in get request: PatientVarryDetails matching query does not exist.
2024-10-23 10:19:21,413 - error_patient - ERROR - 802 - Error occurred in get request: PatientVarryDetails matching query does not exist.
2024-10-23 10:19:28,937 - error_patient - ERROR - 802 - Error occurred in get request: PatientVarryDetails matching query does not exist.
2024-10-23 10:19:34,859 - error_patient - ERROR - 802 - Error occurred in get request: PatientVarryDetails matching query does not exist.
2024-10-23 10:19:40,876 - error_patient - ERROR - 802 - Error occurred in get request: PatientVarryDetails matching query does not exist.
2024-10-23 10:19:47,182 - error_patient - ERROR - 802 - Error occurred in get request: PatientVarryDetails matching query does not exist.
2024-10-23 10:33:42,417 - error_patient - ERROR - 1187 - Data is not valid
2024-10-23 10:34:21,857 - error_patient - ERROR - 1187 - Data is not valid
2024-10-23 10:36:57,775 - error_patient - ERROR - 1220 - Patient record not found for the given patient ID and appointment
2024-10-23 10:39:25,059 - error_patient - ERROR - 802 - Error occurred in get request: PatientVarryDetails matching query does not exist.
2024-10-23 10:44:35,311 - error_patient - ERROR - 1220 - Patient record not found for the given patient ID and appointment
2024-10-23 10:50:36,197 - error_patient - ERROR - 1163 - Patient record already exists for this patient and appointment
2024-10-23 10:51:00,147 - error_patient - ERROR - 1220 - Patient record not found for the given patient ID and appointment
2024-10-23 11:16:16,700 - error_patient - ERROR - 1163 - Patient record already exists for this patient and appointment
2024-10-23 11:16:21,056 - error_patient - ERROR - 1220 - Patient record not found for the given patient ID and appointment
2024-10-23 11:39:29,704 - error_patient - ERROR - 1163 - Patient record already exists for this patient and appointment
2024-10-23 11:40:29,391 - error_patient - ERROR - 1163 - Patient record already exists for this patient and appointment
2024-10-23 11:40:55,332 - error_patient - ERROR - 802 - Error occurred in get request: PatientVarryDetails matching query does not exist.
2024-10-23 11:41:02,853 - error_patient - ERROR - 802 - Error occurred in get request: PatientVarryDetails matching query does not exist.
2024-10-23 11:41:17,179 - error_patient - ERROR - 1220 - Patient record not found for the given patient ID and appointment
2024-10-24 05:39:43,040 - error_patient - ERROR - 802 - Error occurred in get request: PatientVarryDetails matching query does not exist.
2024-10-24 05:42:11,533 - error_patient - ERROR - 802 - Error occurred in get request: PatientVarryDetails matching query does not exist.
2024-10-24 05:42:54,556 - error_patient - ERROR - 802 - Error occurred in get request: PatientVarryDetails matching query does not exist.
2024-10-24 05:43:35,204 - error_patient - ERROR - 802 - Error occurred in get request: PatientVarryDetails matching query does not exist.
2024-10-24 05:44:57,411 - error_patient - ERROR - 802 - Error occurred in get request: PatientVarryDetails matching query does not exist.
2024-10-24 05:47:24,546 - error_patient - ERROR - 802 - Error occurred in get request: PatientVarryDetails matching query does not exist.
2024-10-24 05:59:59,692 - error_patient - ERROR - 802 - Error occurred in get request: PatientVarryDetails matching query does not exist.
2024-10-24 06:27:11,019 - error_patient - ERROR - 1054 - Patient vital already exists for this patient and appointment
2024-10-24 06:27:13,472 - error_patient - ERROR - 1054 - Patient vital already exists for this patient and appointment
2024-10-24 11:16:15,045 - error_patient - ERROR - 1078 - Data is not valid
2024-10-24 11:16:29,592 - error_patient - ERROR - 1078 - Data is not valid
2024-11-02 06:56:29,202 - error_patient - ERROR - 1099 - Patient varry details not found for the given patient ID: 6
2024-11-02 06:56:35,662 - error_patient - ERROR - 1099 - Patient varry details not found for the given patient ID: 6
2024-11-02 07:15:18,889 - error_patient - ERROR - 802 - Error occurred in get request: PatientVarryDetails matching query does not exist.
2024-11-02 07:15:21,447 - error_patient - ERROR - 802 - Error occurred in get request: PatientVarryDetails matching query does not exist.
2024-11-02 07:27:32,481 - error_patient - ERROR - 802 - Error occurred in get request: PatientVarryDetails matching query does not exist.
