2024-06-22 17:22:08,984 - info_clinic - INFO - 46 - Mobile number: 8766324580
2024-06-22 17:22:08,985 - info_clinic - INFO - 53 - OTP generated for mobile number 8766324580: 460254
2024-06-22 17:22:32,013 - info_clinic - INFO - 99 - User with mobile number 8766324580 successfully registered.
2024-06-22 17:24:00,017 - info_clinic - INFO - 150 - Doctor details saved successfully
2024-06-24 11:29:55,889 - info_clinic - INFO - 150 - Doctor details saved successfully
2024-06-24 16:01:30,443 - info_clinic - INFO - 46 - Mobile number: 9876543210
2024-06-24 16:01:30,444 - info_clinic - INFO - 53 - OTP generated for mobile number 9876543210: 210494
2024-06-24 16:02:58,424 - info_clinic - INFO - 46 - Mobile number: 9876543210
2024-06-24 16:02:58,426 - info_clinic - INFO - 53 - OTP generated for mobile number 9876543210: 526091
2024-06-24 16:08:34,456 - info_clinic - INFO - 46 - Mobile number: 9876543210
2024-06-24 16:08:34,457 - info_clinic - INFO - 53 - OTP generated for mobile number 9876543210: 751365
2024-06-24 16:12:26,938 - info_clinic - INFO - 46 - Mobile number: 9876543210
2024-06-24 16:12:26,938 - info_clinic - INFO - 53 - OTP generated for mobile number 9876543210: 794878
2024-06-24 16:18:11,253 - info_clinic - INFO - 46 - Mobile number: 9876543210
2024-06-24 16:18:11,256 - info_clinic - INFO - 53 - OTP generated for mobile number 9876543210: 778425
2024-06-24 16:20:57,336 - info_clinic - INFO - 46 - Mobile number: 9876543210
2024-06-24 16:20:57,337 - info_clinic - INFO - 53 - OTP generated for mobile number 9876543210: 693359
2024-06-24 16:20:59,803 - info_clinic - INFO - 46 - Mobile number: 9876543210
2024-06-24 16:20:59,804 - info_clinic - INFO - 53 - OTP generated for mobile number 9876543210: 126421
2024-06-24 16:22:26,165 - info_clinic - INFO - 46 - Mobile number: 3333333333
2024-06-24 16:22:26,166 - info_clinic - INFO - 53 - OTP generated for mobile number 3333333333: 793144
2024-06-24 16:22:28,675 - info_clinic - INFO - 46 - Mobile number: 3333333333
2024-06-24 16:22:28,676 - info_clinic - INFO - 53 - OTP generated for mobile number 3333333333: 440512
2024-06-24 16:22:52,223 - info_clinic - INFO - 99 - User with mobile number 3333333333 successfully registered.
2024-06-24 16:23:40,758 - info_clinic - INFO - 150 - Doctor details saved successfully
2024-06-24 16:28:26,327 - info_clinic - INFO - 46 - Mobile number: 9876543210
2024-06-24 16:28:26,327 - info_clinic - INFO - 53 - OTP generated for mobile number 9876543210: 989612
2024-06-24 16:29:21,323 - info_clinic - INFO - 46 - Mobile number: 9876543210
2024-06-24 16:29:21,325 - info_clinic - INFO - 53 - OTP generated for mobile number 9876543210: 069135
2024-06-24 16:29:54,243 - info_clinic - INFO - 99 - User with mobile number 9876543210 successfully registered.
2024-06-24 16:33:21,124 - info_clinic - INFO - 46 - Mobile number: 9876543211
2024-06-24 16:33:21,125 - info_clinic - INFO - 53 - OTP generated for mobile number 9876543211: 539000
2024-06-24 16:33:45,157 - info_clinic - INFO - 99 - User with mobile number 9876543211 successfully registered.
2024-06-24 16:44:13,016 - info_clinic - INFO - 46 - Mobile number: 9876543212
2024-06-24 16:44:13,019 - info_clinic - INFO - 53 - OTP generated for mobile number 9876543212: 503902
2024-06-24 16:45:55,275 - info_clinic - INFO - 46 - Mobile number: 9876543216
2024-06-24 16:45:55,276 - info_clinic - INFO - 53 - OTP generated for mobile number 9876543216: 361150
2024-06-24 16:46:01,026 - info_clinic - INFO - 46 - Mobile number: 9876543216
2024-06-24 16:46:01,027 - info_clinic - INFO - 53 - OTP generated for mobile number 9876543216: 023391
2024-06-24 16:46:16,415 - info_clinic - INFO - 99 - User with mobile number 9876543216 successfully registered.
2024-06-24 16:51:01,380 - info_clinic - INFO - 46 - Mobile number: 9876543215
2024-06-24 16:51:01,380 - info_clinic - INFO - 53 - OTP generated for mobile number 9876543215: 923117
2024-06-24 16:51:23,329 - info_clinic - INFO - 99 - User with mobile number 9876543215 successfully registered.
2024-06-24 16:53:34,709 - info_clinic - INFO - 46 - Mobile number: 9876543213
2024-06-24 16:53:34,710 - info_clinic - INFO - 53 - OTP generated for mobile number 9876543213: 618486
2024-06-24 16:53:51,251 - info_clinic - INFO - 99 - User with mobile number 9876543213 successfully registered.
2024-06-24 17:24:58,157 - info_clinic - INFO - 46 - Mobile number: 9876543217
2024-06-24 17:24:58,158 - info_clinic - INFO - 53 - OTP generated for mobile number 9876543217: 645747
2024-06-24 17:26:11,653 - info_clinic - INFO - 99 - User with mobile number 9876543217 successfully registered.
2024-06-24 17:27:37,543 - info_clinic - INFO - 150 - Doctor details saved successfully
2024-06-24 17:31:24,983 - info_clinic - INFO - 46 - Mobile number: 9876543210
2024-06-24 17:31:24,983 - info_clinic - INFO - 53 - OTP generated for mobile number 9876543210: 560340
2024-06-24 17:31:35,868 - info_clinic - INFO - 46 - Mobile number: 9876543210
2024-06-24 17:31:35,868 - info_clinic - INFO - 53 - OTP generated for mobile number 9876543210: 193275
2024-06-24 17:31:51,615 - info_clinic - INFO - 46 - Mobile number: 9876543210
2024-06-24 17:31:51,615 - info_clinic - INFO - 53 - OTP generated for mobile number 9876543210: 277883
2024-06-24 17:41:09,982 - info_clinic - INFO - 46 - Mobile number: 9876543210
2024-06-24 17:41:09,983 - info_clinic - INFO - 53 - OTP generated for mobile number 9876543210: 896930
2024-06-24 17:43:06,582 - info_clinic - INFO - 46 - Mobile number: 9876543210
2024-06-24 17:43:06,582 - info_clinic - INFO - 53 - OTP generated for mobile number 9876543210: 971925
2024-06-24 17:43:12,331 - info_clinic - INFO - 46 - Mobile number: 9876543210
2024-06-24 17:43:12,332 - info_clinic - INFO - 53 - OTP generated for mobile number 9876543210: 543351
2024-06-24 17:43:29,810 - info_clinic - INFO - 99 - User with mobile number 9876543210 successfully registered.
2024-06-24 17:50:48,865 - info_clinic - INFO - 46 - Mobile number: 9876543200
2024-06-24 17:50:48,865 - info_clinic - INFO - 53 - OTP generated for mobile number 9876543200: 167497
2024-06-24 17:51:16,001 - info_clinic - INFO - 99 - User with mobile number 9876543200 successfully registered.
2024-06-24 18:06:37,458 - info_clinic - INFO - 46 - Mobile number: 9876543213
2024-06-24 18:06:37,458 - info_clinic - INFO - 53 - OTP generated for mobile number 9876543213: 519693
2024-06-24 18:07:10,990 - info_clinic - INFO - 99 - User with mobile number 9876543213 successfully registered.
2024-06-24 18:19:03,600 - info_clinic - INFO - 46 - Mobile number: 9876543290
2024-06-24 18:19:03,600 - info_clinic - INFO - 53 - OTP generated for mobile number 9876543290: 564926
2024-06-24 18:19:13,567 - info_clinic - INFO - 46 - Mobile number: 9876543290
2024-06-24 18:19:13,568 - info_clinic - INFO - 53 - OTP generated for mobile number 9876543290: 489245
2024-06-24 18:19:29,109 - info_clinic - INFO - 46 - Mobile number: 9876543291
2024-06-24 18:19:29,109 - info_clinic - INFO - 53 - OTP generated for mobile number 9876543291: 591849
2024-06-24 18:20:50,616 - info_clinic - INFO - 46 - Mobile number: 9876543217
2024-06-24 18:20:50,616 - info_clinic - INFO - 53 - OTP generated for mobile number 9876543217: 309472
2024-06-24 18:21:12,335 - info_clinic - INFO - 46 - Mobile number: 9876543216
2024-06-24 18:21:12,335 - info_clinic - INFO - 53 - OTP generated for mobile number 9876543216: 223240
2024-06-24 18:21:40,154 - info_clinic - INFO - 46 - Mobile number: 9876543214
2024-06-24 18:21:40,155 - info_clinic - INFO - 53 - OTP generated for mobile number 9876543214: 917624
2024-06-24 18:21:49,912 - info_clinic - INFO - 46 - Mobile number: 9876543215
2024-06-24 18:21:49,912 - info_clinic - INFO - 53 - OTP generated for mobile number 9876543215: 652126
2024-06-24 18:22:11,757 - info_clinic - INFO - 46 - Mobile number: 9876543200
2024-06-24 18:22:11,757 - info_clinic - INFO - 53 - OTP generated for mobile number 9876543200: 996679
2024-06-24 18:22:45,257 - info_clinic - INFO - 99 - User with mobile number 9876543200 successfully registered.
2024-06-24 18:32:42,240 - info_clinic - INFO - 46 - Mobile number: 9876543213
2024-06-24 18:32:42,240 - info_clinic - INFO - 53 - OTP generated for mobile number 9876543213: 966206
2024-06-24 18:33:42,753 - info_clinic - INFO - 99 - User with mobile number 9876543213 successfully registered.
2024-06-25 11:06:48,552 - info_clinic - INFO - 46 - Mobile number: 3333333333
2024-06-25 11:06:48,554 - info_clinic - INFO - 53 - OTP generated for mobile number 3333333333: 658214
2024-06-25 11:07:09,806 - info_clinic - INFO - 99 - User with mobile number 3333333333 successfully registered.
2024-06-25 11:08:50,591 - info_clinic - INFO - 150 - Doctor details saved successfully
2024-06-25 11:19:43,229 - info_clinic - INFO - 46 - Mobile number: 4545454545
2024-06-25 11:19:43,230 - info_clinic - INFO - 53 - OTP generated for mobile number 4545454545: 530429
2024-06-25 11:20:04,764 - info_clinic - INFO - 99 - User with mobile number 4545454545 successfully registered.
2024-06-25 11:21:03,583 - info_clinic - INFO - 150 - Doctor details saved successfully
2024-06-25 11:35:22,801 - info_clinic - INFO - 46 - Mobile number: 1010101010
2024-06-25 11:35:22,802 - info_clinic - INFO - 53 - OTP generated for mobile number 1010101010: 836366
2024-06-25 11:35:43,317 - info_clinic - INFO - 99 - User with mobile number 1010101010 successfully registered.
2024-06-25 11:36:15,673 - info_clinic - INFO - 150 - Doctor details saved successfully
2024-06-25 12:10:12,977 - info_clinic - INFO - 46 - Mobile number: 2121212121
2024-06-25 12:10:12,978 - info_clinic - INFO - 53 - OTP generated for mobile number 2121212121: 355879
2024-06-25 12:10:34,624 - info_clinic - INFO - 99 - User with mobile number 2121212121 successfully registered.
2024-06-25 12:17:04,048 - info_clinic - INFO - 46 - Mobile number: 2323232323
2024-06-25 12:17:04,050 - info_clinic - INFO - 53 - OTP generated for mobile number 2323232323: 577755
2024-06-25 12:17:21,690 - info_clinic - INFO - 99 - User with mobile number 2323232323 successfully registered.
2024-06-25 12:17:59,282 - info_clinic - INFO - 46 - Mobile number: 5656565656
2024-06-25 12:17:59,283 - info_clinic - INFO - 53 - OTP generated for mobile number 5656565656: 803645
2024-06-25 12:18:05,565 - info_clinic - INFO - 46 - Mobile number: 5656565656
2024-06-25 12:18:05,566 - info_clinic - INFO - 53 - OTP generated for mobile number 5656565656: 707279
2024-06-25 12:18:30,480 - info_clinic - INFO - 46 - Mobile number: 5656565656
2024-06-25 12:18:30,481 - info_clinic - INFO - 53 - OTP generated for mobile number 5656565656: 192149
2024-06-25 12:18:37,907 - info_clinic - INFO - 46 - Mobile number: 5656565656
2024-06-25 12:18:37,907 - info_clinic - INFO - 53 - OTP generated for mobile number 5656565656: 168929
2024-06-25 12:19:03,077 - info_clinic - INFO - 99 - User with mobile number 5656565656 successfully registered.
2024-06-25 12:20:16,239 - info_clinic - INFO - 150 - Doctor details saved successfully
2024-06-25 12:51:09,382 - info_clinic - INFO - 46 - Mobile number: 9876543210
2024-06-25 12:51:09,382 - info_clinic - INFO - 53 - OTP generated for mobile number 9876543210: 976814
2024-06-25 12:54:46,474 - info_clinic - INFO - 46 - Mobile number: 9876543210
2024-06-25 12:54:46,474 - info_clinic - INFO - 53 - OTP generated for mobile number 9876543210: 749145
2024-06-25 12:55:27,482 - info_clinic - INFO - 46 - Mobile number: 9876543210
2024-06-25 12:55:27,482 - info_clinic - INFO - 53 - OTP generated for mobile number 9876543210: 497533
2024-06-25 12:55:34,488 - info_clinic - INFO - 46 - Mobile number: 9876543210
2024-06-25 12:55:34,488 - info_clinic - INFO - 53 - OTP generated for mobile number 9876543210: 087983
2024-06-25 12:55:45,957 - info_clinic - INFO - 46 - Mobile number: 9876543210
2024-06-25 12:55:45,958 - info_clinic - INFO - 53 - OTP generated for mobile number 9876543210: 696094
2024-06-25 12:56:27,749 - info_clinic - INFO - 46 - Mobile number: 9876543213
2024-06-25 12:56:27,749 - info_clinic - INFO - 53 - OTP generated for mobile number 9876543213: 857227
2024-06-25 12:56:32,930 - info_clinic - INFO - 46 - Mobile number: 9876543213
2024-06-25 12:56:32,930 - info_clinic - INFO - 53 - OTP generated for mobile number 9876543213: 020461
2024-06-25 12:57:36,629 - info_clinic - INFO - 99 - User with mobile number 9876543213 successfully registered.
2024-06-25 14:06:07,732 - info_clinic - INFO - 46 - Mobile number: 9876543210
2024-06-25 14:06:07,732 - info_clinic - INFO - 53 - OTP generated for mobile number 9876543210: 852146
2024-06-25 14:06:22,715 - info_clinic - INFO - 99 - User with mobile number 9876543210 successfully registered.
2024-06-25 18:14:48,330 - info_clinic - INFO - 46 - Mobile number: 9876543215
2024-06-25 18:14:48,331 - info_clinic - INFO - 53 - OTP generated for mobile number 9876543215: 812117
2024-06-25 18:15:00,093 - info_clinic - INFO - 99 - User with mobile number 9876543215 successfully registered.
2024-06-26 10:37:47,658 - info_clinic - INFO - 46 - Mobile number: 9876543211
2024-06-26 10:37:47,658 - info_clinic - INFO - 53 - OTP generated for mobile number 9876543211: 117769
2024-06-26 10:38:04,527 - info_clinic - INFO - 99 - User with mobile number 9876543211 successfully registered.
2024-06-26 11:11:08,991 - info_clinic - INFO - 46 - Mobile number: 9876543232
2024-06-26 11:11:08,992 - info_clinic - INFO - 53 - OTP generated for mobile number 9876543232: 812954
2024-06-26 12:23:44,790 - info_clinic - INFO - 46 - Mobile number: 5353535353
2024-06-26 12:23:44,790 - info_clinic - INFO - 53 - OTP generated for mobile number 5353535353: 132091
2024-06-26 12:24:12,352 - info_clinic - INFO - 99 - User with mobile number 5353535353 successfully registered.
2024-06-26 13:24:27,369 - info_clinic - INFO - 46 - Mobile number: 9876543212
2024-06-26 13:24:27,370 - info_clinic - INFO - 53 - OTP generated for mobile number 9876543212: 069894
2024-06-26 13:24:58,268 - info_clinic - INFO - 99 - User with mobile number 9876543212 successfully registered.
2024-06-26 13:46:39,779 - info_clinic - INFO - 46 - Mobile number: 9876544510
2024-06-26 13:46:39,780 - info_clinic - INFO - 53 - OTP generated for mobile number 9876544510: 757879
2024-06-26 13:50:04,299 - info_clinic - INFO - 150 - Doctor details saved successfully
2024-06-26 13:51:28,103 - info_clinic - INFO - 46 - Mobile number: 9876544518
2024-06-26 13:51:28,103 - info_clinic - INFO - 53 - OTP generated for mobile number 9876544518: 834704
2024-06-26 13:51:50,855 - info_clinic - INFO - 99 - User with mobile number 9876544518 successfully registered.
2024-06-26 14:31:32,133 - info_clinic - INFO - 46 - Mobile number: 5353535353
2024-06-26 14:31:32,133 - info_clinic - INFO - 53 - OTP generated for mobile number 5353535353: 420013
2024-06-26 14:31:52,626 - info_clinic - INFO - 99 - User with mobile number 5353535353 successfully registered.
2024-06-26 14:32:30,852 - info_clinic - INFO - 150 - Doctor details saved successfully
2024-06-26 14:35:56,311 - info_clinic - INFO - 46 - Mobile number: 2323232311
2024-06-26 14:35:56,311 - info_clinic - INFO - 53 - OTP generated for mobile number 2323232311: 003038
2024-06-26 14:36:21,096 - info_clinic - INFO - 99 - User with mobile number 2323232311 successfully registered.
2024-06-26 14:37:21,175 - info_clinic - INFO - 150 - Doctor details saved successfully
2024-06-26 14:41:43,342 - info_clinic - INFO - 46 - Mobile number: 7575757575
2024-06-26 14:41:43,342 - info_clinic - INFO - 53 - OTP generated for mobile number 7575757575: 873330
2024-06-26 14:42:04,249 - info_clinic - INFO - 99 - User with mobile number 7575757575 successfully registered.
2024-06-26 14:51:48,112 - info_clinic - INFO - 46 - Mobile number: 2828282828
2024-06-26 14:51:48,112 - info_clinic - INFO - 53 - OTP generated for mobile number 2828282828: 031457
2024-06-26 14:52:19,144 - info_clinic - INFO - 46 - Mobile number: 2828282828
2024-06-26 14:52:19,144 - info_clinic - INFO - 53 - OTP generated for mobile number 2828282828: 329375
2024-06-26 14:52:21,614 - info_clinic - INFO - 46 - Mobile number: 2828282828
2024-06-26 14:52:21,614 - info_clinic - INFO - 53 - OTP generated for mobile number 2828282828: 627920
2024-06-26 14:53:12,166 - info_clinic - INFO - 46 - Mobile number: 9999922222
2024-06-26 14:53:12,168 - info_clinic - INFO - 53 - OTP generated for mobile number 9999922222: 431675
2024-06-26 14:53:19,182 - info_clinic - INFO - 46 - Mobile number: 9999922222
2024-06-26 14:53:19,183 - info_clinic - INFO - 53 - OTP generated for mobile number 9999922222: 097233
2024-06-26 14:53:37,563 - info_clinic - INFO - 99 - User with mobile number 9999922222 successfully registered.
2024-06-26 15:02:05,769 - info_clinic - INFO - 46 - Mobile number: 9876543215
2024-06-26 15:02:05,769 - info_clinic - INFO - 53 - OTP generated for mobile number 9876543215: 118612
2024-06-26 15:02:30,370 - info_clinic - INFO - 99 - User with mobile number 9876543215 successfully registered.
2024-06-26 15:49:41,546 - info_clinic - INFO - 46 - Mobile number: 9876543224
2024-06-26 15:49:41,547 - info_clinic - INFO - 53 - OTP generated for mobile number 9876543224: 679252
2024-06-26 15:50:11,009 - info_clinic - INFO - 99 - User with mobile number 9876543224 successfully registered.
2024-06-26 16:39:34,929 - info_clinic - INFO - 46 - Mobile number: 9876543245
2024-06-26 16:39:34,929 - info_clinic - INFO - 53 - OTP generated for mobile number 9876543245: 722599
2024-06-26 16:40:18,198 - info_clinic - INFO - 99 - User with mobile number 9876543245 successfully registered.
2024-06-26 16:43:19,428 - info_clinic - INFO - 150 - Doctor details saved successfully
2024-06-27 11:05:23,481 - info_clinic - INFO - 46 - Mobile number: 9876543200
2024-06-27 11:05:23,496 - info_clinic - INFO - 53 - OTP generated for mobile number 9876543200: 666922
2024-06-27 11:05:36,552 - info_clinic - INFO - 99 - User with mobile number 9876543200 successfully registered.
2024-06-27 11:08:26,205 - info_clinic - INFO - 46 - Mobile number: 9876543201
2024-06-27 11:08:26,206 - info_clinic - INFO - 53 - OTP generated for mobile number 9876543201: 353690
2024-06-27 15:45:15,533 - info_clinic - INFO - 46 - Mobile number: 7518868211
2024-06-27 15:45:15,533 - info_clinic - INFO - 53 - OTP generated for mobile number 7518868211: 668311
2024-06-27 15:45:33,440 - info_clinic - INFO - 99 - User with mobile number 7518868211 successfully registered.
2024-06-27 16:49:54,849 - info_clinic - INFO - 46 - Mobile number: 9876543255
2024-06-27 16:49:54,850 - info_clinic - INFO - 53 - OTP generated for mobile number 9876543255: 692944
2024-06-27 16:50:10,134 - info_clinic - INFO - 99 - User with mobile number 9876543255 successfully registered.
2024-06-27 16:50:49,092 - info_clinic - INFO - 150 - Doctor details saved successfully
2024-06-27 17:04:38,599 - info_clinic - INFO - 46 - Mobile number: 4545454545
2024-06-27 17:04:38,601 - info_clinic - INFO - 53 - OTP generated for mobile number 4545454545: 944259
2024-06-27 17:04:55,706 - info_clinic - INFO - 99 - User with mobile number 4545454545 successfully registered.
2024-07-01 15:19:53,248 - info_clinic - INFO - 48 - Mobile number: 7172737475
2024-07-01 15:19:53,249 - info_clinic - INFO - 55 - OTP generated for mobile number 7172737475: 136443
2024-07-01 15:20:26,972 - info_clinic - INFO - 48 - Mobile number: 7172737475
2024-07-01 15:20:26,972 - info_clinic - INFO - 55 - OTP generated for mobile number 7172737475: 911473
2024-07-01 15:20:44,187 - info_clinic - INFO - 101 - User with mobile number 7172737475 successfully registered.
2024-07-01 16:21:00,876 - info_clinic - INFO - 48 - Mobile number: 9876541230
2024-07-01 16:21:00,877 - info_clinic - INFO - 55 - OTP generated for mobile number 9876541230: 104745
2024-07-01 16:21:16,981 - info_clinic - INFO - 101 - User with mobile number 9876541230 successfully registered.
2024-07-01 16:48:02,237 - info_clinic - INFO - 48 - Mobile number: 9876542000
2024-07-01 16:48:02,237 - info_clinic - INFO - 55 - OTP generated for mobile number 9876542000: 940194
2024-07-01 16:58:58,799 - info_clinic - INFO - 48 - Mobile number: 9879879879
2024-07-01 16:58:58,799 - info_clinic - INFO - 55 - OTP generated for mobile number 9879879879: 461598
2024-07-01 16:59:15,955 - info_clinic - INFO - 101 - User with mobile number 9879879879 successfully registered.
2024-07-01 17:00:29,592 - info_clinic - INFO - 152 - Doctor details saved successfully
2024-07-02 13:00:45,399 - info_clinic - INFO - 48 - Mobile number: 9876543214
2024-07-02 13:00:45,399 - info_clinic - INFO - 55 - OTP generated for mobile number 9876543214: 653321
2024-07-03 12:37:11,506 - info_clinic - INFO - 48 - Mobile number: 9999999912
2024-07-03 12:37:11,506 - info_clinic - INFO - 55 - OTP generated for mobile number 9999999912: 005175
2024-07-03 12:37:33,770 - info_clinic - INFO - 101 - User with mobile number 9999999912 successfully registered.
2024-07-03 13:22:27,615 - info_clinic - INFO - 48 - Mobile number: 9876543277
2024-07-03 13:22:27,620 - info_clinic - INFO - 55 - OTP generated for mobile number 9876543277: 122654
2024-07-03 13:22:39,419 - info_clinic - INFO - 101 - User with mobile number 9876543277 successfully registered.
2024-07-04 17:01:02,398 - info_clinic - INFO - 48 - Mobile number: 9876543266
2024-07-04 17:01:02,398 - info_clinic - INFO - 55 - OTP generated for mobile number 9876543266: 007516
2024-07-04 17:01:13,051 - info_clinic - INFO - 101 - User with mobile number 9876543266 successfully registered.
2024-07-04 17:03:21,100 - info_clinic - INFO - 48 - Mobile number: 9876543270
2024-07-04 17:03:21,100 - info_clinic - INFO - 55 - OTP generated for mobile number 9876543270: 992948
2024-07-04 17:03:31,832 - info_clinic - INFO - 101 - User with mobile number 9876543270 successfully registered.
2024-07-04 17:33:27,735 - info_clinic - INFO - 48 - Mobile number: 9876543235
2024-07-04 17:33:27,735 - info_clinic - INFO - 55 - OTP generated for mobile number 9876543235: 753622
2024-07-04 17:33:35,970 - info_clinic - INFO - 101 - User with mobile number 9876543235 successfully registered.
2024-07-05 14:54:05,089 - info_clinic - INFO - 48 - Mobile number: 6666666622
2024-07-05 14:54:05,090 - info_clinic - INFO - 55 - OTP generated for mobile number 6666666622: 301249
2024-07-05 14:54:20,335 - info_clinic - INFO - 48 - Mobile number: 6666666622
2024-07-05 14:54:20,335 - info_clinic - INFO - 55 - OTP generated for mobile number 6666666622: 885948
2024-07-05 14:54:56,270 - info_clinic - INFO - 101 - User with mobile number 6666666622 successfully registered.
2024-07-06 15:22:54,098 - info_clinic - INFO - 149 - Doctor details saved successfully
2024-07-06 15:49:50,896 - info_clinic - INFO - 45 - Mobile number: 1000000025
2024-07-06 15:49:50,897 - info_clinic - INFO - 52 - OTP generated for mobile number 1000000025: 183517
2024-07-06 15:50:06,051 - info_clinic - INFO - 98 - User with mobile number 1000000025 successfully registered.
2024-07-06 17:13:02,994 - info_clinic - INFO - 45 - Mobile number: 9876543209
2024-07-06 17:13:02,994 - info_clinic - INFO - 52 - OTP generated for mobile number 9876543209: 390320
2024-07-06 17:13:12,173 - info_clinic - INFO - 98 - User with mobile number 9876543209 successfully registered.
2024-07-06 17:22:27,034 - info_clinic - INFO - 45 - Mobile number: 9876543295
2024-07-06 17:22:27,034 - info_clinic - INFO - 52 - OTP generated for mobile number 9876543295: 126910
2024-07-06 17:22:50,356 - info_clinic - INFO - 98 - User with mobile number 9876543295 successfully registered.
2024-07-06 17:27:33,562 - info_clinic - INFO - 45 - Mobile number: 9876543275
2024-07-06 17:27:33,563 - info_clinic - INFO - 52 - OTP generated for mobile number 9876543275: 683805
2024-07-06 17:27:46,001 - info_clinic - INFO - 98 - User with mobile number 9876543275 successfully registered.
2024-07-06 17:28:43,125 - info_clinic - INFO - 149 - Doctor details saved successfully
2024-07-08 16:01:23,322 - info_clinic - INFO - 46 - Mobile number: 6386326186
2024-07-08 16:01:23,322 - info_clinic - INFO - 53 - OTP generated for mobile number 6386326186: 135743
2024-07-08 16:01:46,929 - info_clinic - INFO - 99 - User with mobile number 6386326186 successfully registered.
2024-07-08 16:03:05,114 - info_clinic - INFO - 150 - Doctor details saved successfully
2024-07-09 15:58:51,139 - info_clinic - INFO - 45 - Mobile number: 9876543215
2024-07-09 15:58:51,139 - info_clinic - INFO - 52 - OTP generated for mobile number 9876543215: 650720
2024-07-09 15:59:00,557 - info_clinic - INFO - 45 - Mobile number: 9876543215
2024-07-09 15:59:00,557 - info_clinic - INFO - 52 - OTP generated for mobile number 9876543215: 311563
2024-07-09 15:59:06,957 - info_clinic - INFO - 45 - Mobile number: 9876543215
2024-07-09 15:59:06,957 - info_clinic - INFO - 52 - OTP generated for mobile number 9876543215: 893614
2024-07-09 15:59:18,901 - info_clinic - INFO - 98 - User with mobile number 9876543215 successfully registered.
2024-07-09 17:13:41,219 - info_clinic - INFO - 45 - Mobile number: 6565656565
2024-07-09 17:13:41,219 - info_clinic - INFO - 52 - OTP generated for mobile number 6565656565: 270301
2024-07-09 17:13:56,575 - info_clinic - INFO - 98 - User with mobile number 6565656565 successfully registered.
2024-07-09 17:15:27,437 - info_clinic - INFO - 149 - Doctor details saved successfully
2024-07-09 17:22:49,406 - info_clinic - INFO - 45 - Mobile number: 9191919191
2024-07-09 17:22:49,406 - info_clinic - INFO - 52 - OTP generated for mobile number 9191919191: 411458
2024-07-09 17:22:57,017 - info_clinic - INFO - 98 - User with mobile number 9191919191 successfully registered.
2024-07-09 17:23:21,584 - info_clinic - INFO - 149 - Doctor details saved successfully
2024-07-09 17:37:10,304 - info_clinic - INFO - 45 - Mobile number: 8585858585
2024-07-09 17:37:10,304 - info_clinic - INFO - 52 - OTP generated for mobile number 8585858585: 529337
2024-07-09 17:37:22,886 - info_clinic - INFO - 98 - User with mobile number 8585858585 successfully registered.
2024-07-09 17:49:36,348 - info_clinic - INFO - 45 - Mobile number: 1234567812
2024-07-09 17:49:36,348 - info_clinic - INFO - 52 - OTP generated for mobile number 1234567812: 081911
2024-07-09 17:49:47,871 - info_clinic - INFO - 98 - User with mobile number 1234567812 successfully registered.
2024-07-10 12:08:21,088 - info_clinic - INFO - 45 - Mobile number: 6363636363
2024-07-10 12:08:21,091 - info_clinic - INFO - 52 - OTP generated for mobile number 6363636363: 490129
2024-07-10 12:08:33,558 - info_clinic - INFO - 98 - User with mobile number 6363636363 successfully registered.
2024-07-10 12:09:20,890 - info_clinic - INFO - 149 - Doctor details saved successfully
2024-07-12 15:10:35,540 - info_clinic - INFO - 45 - Mobile number: 4545454545
2024-07-12 15:10:35,540 - info_clinic - INFO - 52 - OTP generated for mobile number 4545454545: 819617
2024-07-12 15:10:49,221 - info_clinic - INFO - 98 - User with mobile number 4545454545 successfully registered.
2024-07-12 15:11:11,572 - info_clinic - INFO - 149 - Doctor details saved successfully
2024-07-17 14:35:03,675 - info_clinic - INFO - 46 - Mobile number: 6363636363
2024-07-17 14:35:03,678 - info_clinic - INFO - 53 - OTP generated for mobile number 6363636363: 920574
2024-07-17 14:35:12,427 - info_clinic - INFO - 99 - User with mobile number 6363636363 successfully registered.
2024-07-17 14:36:59,655 - info_clinic - INFO - 150 - Doctor details saved successfully
2024-07-17 14:56:04,377 - info_clinic - INFO - 46 - Mobile number: 6386326186
2024-07-17 14:56:04,377 - info_clinic - INFO - 53 - OTP generated for mobile number 6386326186: 146187
2024-07-17 14:56:25,969 - info_clinic - INFO - 99 - User with mobile number 6386326186 successfully registered.
2024-07-17 14:56:55,190 - info_clinic - INFO - 150 - Doctor details saved successfully
2024-07-18 11:10:49,932 - info_clinic - INFO - 46 - Mobile number: 6363636363
2024-07-18 11:10:49,932 - info_clinic - INFO - 53 - OTP generated for mobile number 6363636363: 491186
2024-07-18 11:11:00,435 - info_clinic - INFO - 99 - User with mobile number 6363636363 successfully registered.
2024-07-18 11:11:19,658 - info_clinic - INFO - 150 - Doctor details saved successfully
2024-07-25 13:32:39,299 - info_clinic - INFO - 45 - Mobile number: 3636363636
2024-07-25 13:32:39,301 - info_clinic - INFO - 52 - OTP generated for mobile number 3636363636: 889174
2024-07-25 13:32:53,064 - info_clinic - INFO - 98 - User with mobile number 3636363636 successfully registered.
2024-07-25 18:22:07,893 - info_clinic - INFO - 45 - Mobile number: 6386326186
2024-07-25 18:22:07,893 - info_clinic - INFO - 52 - OTP generated for mobile number 6386326186: 770154
2024-07-25 18:33:25,361 - info_clinic - INFO - 45 - Mobile number: 2233445566
2024-07-25 18:33:25,361 - info_clinic - INFO - 52 - OTP generated for mobile number 2233445566: 638979
2024-07-25 18:36:22,658 - info_clinic - INFO - 45 - Mobile number: 2233445560
2024-07-25 18:36:22,658 - info_clinic - INFO - 52 - OTP generated for mobile number 2233445560: 532802
2024-07-25 18:36:25,877 - info_clinic - INFO - 45 - Mobile number: 2233445560
2024-07-25 18:36:25,877 - info_clinic - INFO - 52 - OTP generated for mobile number 2233445560: 606473
2024-07-26 10:11:40,932 - info_clinic - INFO - 45 - Mobile number: 6363636363
2024-07-26 10:11:40,932 - info_clinic - INFO - 52 - OTP generated for mobile number 6363636363: 063706
2024-07-26 10:11:50,076 - info_clinic - INFO - 98 - User with mobile number 6363636363 successfully registered.
2024-07-26 10:12:13,914 - info_clinic - INFO - 149 - Doctor details saved successfully
2024-07-26 12:31:43,973 - info_clinic - INFO - 45 - Mobile number: 4444444444
2024-07-26 12:31:43,973 - info_clinic - INFO - 52 - OTP generated for mobile number 4444444444: 981579
2024-07-26 12:31:54,069 - info_clinic - INFO - 98 - User with mobile number 4444444444 successfully registered.
2024-07-26 16:48:57,140 - info_clinic - INFO - 45 - Mobile number: 3693693693
2024-07-26 16:48:57,156 - info_clinic - INFO - 52 - OTP generated for mobile number 3693693693: 835066
2024-07-26 16:49:10,808 - info_clinic - INFO - 98 - User with mobile number 3693693693 successfully registered.
2024-07-26 16:50:43,117 - info_clinic - INFO - 149 - Doctor details saved successfully
2024-07-26 18:25:25,510 - info_clinic - INFO - 45 - Mobile number: 9696969696
2024-07-26 18:25:25,511 - info_clinic - INFO - 52 - OTP generated for mobile number 9696969696: 258304
2024-07-26 18:25:33,758 - info_clinic - INFO - 98 - User with mobile number 9696969696 successfully registered.
2024-07-26 18:26:06,785 - info_clinic - INFO - 149 - Doctor details saved successfully
2024-08-01 17:24:57,924 - info_clinic - INFO - 45 - Mobile number: 6565656565
2024-08-01 17:24:57,926 - info_clinic - INFO - 52 - OTP generated for mobile number 6565656565: 834981
2024-08-01 17:25:13,393 - info_clinic - INFO - 98 - User with mobile number 6565656565 successfully registered.
2024-08-01 17:28:21,611 - info_clinic - INFO - 149 - Doctor details saved successfully
2024-08-03 15:01:01,463 - info_clinic - INFO - 45 - Mobile number: 3232323232
2024-08-03 15:01:01,463 - info_clinic - INFO - 52 - OTP generated for mobile number 3232323232: 908959
2024-08-03 15:01:18,480 - info_clinic - INFO - 98 - User with mobile number 3232323232 successfully registered.
2024-08-03 15:02:43,772 - info_clinic - INFO - 149 - Doctor details saved successfully
2024-08-10 13:42:18,392 - info_clinic - INFO - 45 - Mobile number: 3693693693
2024-08-10 13:42:18,394 - info_clinic - INFO - 52 - OTP generated for mobile number 3693693693: 491076
2024-08-10 13:42:30,770 - info_clinic - INFO - 45 - Mobile number: 3693693693
2024-08-10 13:42:30,771 - info_clinic - INFO - 52 - OTP generated for mobile number 3693693693: 457047
2024-08-10 13:42:41,972 - info_clinic - INFO - 98 - User with mobile number 3693693693 successfully registered.
2024-08-10 13:44:54,247 - info_clinic - INFO - 149 - Doctor details saved successfully
2024-08-10 16:07:19,550 - info_clinic - INFO - 45 - Mobile number: 3693693696
2024-08-10 16:07:19,551 - info_clinic - INFO - 52 - OTP generated for mobile number 3693693696: 868413
2024-08-10 16:07:32,946 - info_clinic - INFO - 98 - User with mobile number 3693693696 successfully registered.
2024-08-10 16:08:02,232 - info_clinic - INFO - 149 - Doctor details saved successfully
2024-08-10 17:46:50,809 - info_clinic - INFO - 45 - Mobile number: 1231231231
2024-08-10 17:46:50,812 - info_clinic - INFO - 52 - OTP generated for mobile number 1231231231: 998780
2024-08-10 17:47:04,944 - info_clinic - INFO - 98 - User with mobile number 1231231231 successfully registered.
2024-08-10 17:47:25,366 - info_clinic - INFO - 149 - Doctor details saved successfully
2024-08-12 11:17:02,747 - info_clinic - INFO - 45 - Mobile number: 6363636363
2024-08-12 11:17:02,749 - info_clinic - INFO - 52 - OTP generated for mobile number 6363636363: 114376
2024-08-12 11:17:23,503 - info_clinic - INFO - 98 - User with mobile number 6363636363 successfully registered.
2024-08-12 11:17:52,188 - info_clinic - INFO - 149 - Doctor details saved successfully
2024-08-13 10:51:15,950 - info_clinic - INFO - 45 - Mobile number: 7845784578
2024-08-13 10:51:15,952 - info_clinic - INFO - 52 - OTP generated for mobile number 7845784578: 350601
2024-08-13 10:51:28,185 - info_clinic - INFO - 98 - User with mobile number 7845784578 successfully registered.
2024-08-13 10:51:55,495 - info_clinic - INFO - 149 - Doctor details saved successfully
2024-09-04 18:20:28,466 - info_clinic - INFO - 45 - Mobile number: 7845784578
2024-09-04 18:20:28,468 - info_clinic - INFO - 52 - OTP generated for mobile number 7845784578: 856675
2024-09-04 18:20:37,013 - info_clinic - INFO - 98 - User with mobile number 7845784578 successfully registered.
2024-09-04 18:21:01,732 - info_clinic - INFO - 149 - Doctor details saved successfully
2024-09-05 14:46:22,641 - info_clinic - INFO - 45 - Mobile number: 3693693696
2024-09-05 14:46:22,644 - info_clinic - INFO - 52 - OTP generated for mobile number 3693693696: 667605
2024-09-05 14:46:33,328 - info_clinic - INFO - 98 - User with mobile number 3693693696 successfully registered.
2024-09-05 14:47:24,880 - info_clinic - INFO - 149 - Doctor details saved successfully
2024-09-11 16:53:57,369 - info_clinic - INFO - 45 - Mobile number: 8935266761
2024-09-11 16:53:57,372 - info_clinic - INFO - 52 - OTP generated for mobile number 8935266761: 418680
2024-09-11 16:54:30,555 - info_clinic - INFO - 98 - User with mobile number 8935266761 successfully registered.
2024-09-13 13:35:05,712 - info_clinic - INFO - 45 - Mobile number: 3693693696
2024-09-13 13:35:05,716 - info_clinic - INFO - 52 - OTP generated for mobile number 3693693696: 173410
2024-09-13 13:35:18,074 - info_clinic - INFO - 98 - User with mobile number 3693693696 successfully registered.
2024-09-13 13:35:58,650 - info_clinic - INFO - 149 - Doctor details saved successfully
2024-09-19 13:20:43,631 - info_clinic - INFO - 49 - Mobile number: 9935266755
2024-09-19 13:20:43,651 - info_clinic - INFO - 53 - OTP generated for mobile number 9935266755: 295721
2024-09-19 13:20:53,168 - info_clinic - INFO - 107 - User with mobile number 9935266755 successfully registered.
2024-09-20 10:36:06,105 - info_clinic - INFO - 49 - Mobile number: 9935266755
2024-09-20 10:36:06,120 - info_clinic - INFO - 53 - OTP generated for mobile number 9935266755: 736495
2024-09-20 10:36:15,899 - info_clinic - INFO - 107 - User with mobile number 9935266755 successfully registered.
2024-09-20 10:38:57,247 - info_clinic - INFO - 49 - Mobile number: 9935266755
2024-09-20 10:38:57,248 - info_clinic - INFO - 53 - OTP generated for mobile number 9935266755: 700479
2024-09-20 10:39:07,253 - info_clinic - INFO - 107 - User with mobile number 9935266755 successfully registered.
2024-09-20 10:54:32,687 - info_clinic - INFO - 49 - Mobile number: 9935266755
2024-09-20 10:54:32,687 - info_clinic - INFO - 53 - OTP generated for mobile number 9935266755: 353217
2024-09-20 10:54:40,367 - info_clinic - INFO - 107 - User with mobile number 9935266755 successfully registered.
2024-09-24 06:05:23,030 - info_clinic - INFO - 49 - Mobile number: 9935266755
2024-09-24 06:05:23,046 - info_clinic - INFO - 53 - OTP generated for mobile number 9935266755: 900464
2024-09-24 06:06:31,948 - info_clinic - INFO - 107 - User with mobile number 9935266755 successfully registered.
2024-09-24 06:26:16,294 - info_clinic - INFO - 49 - Mobile number: 9935266755
2024-09-24 06:26:16,295 - info_clinic - INFO - 53 - OTP generated for mobile number 9935266755: 053024
2024-09-24 06:26:25,402 - info_clinic - INFO - 107 - User with mobile number 9935266755 successfully registered.
2024-09-24 06:27:28,352 - info_clinic - INFO - 49 - Mobile number: 9721119076
2024-09-24 06:27:28,352 - info_clinic - INFO - 53 - OTP generated for mobile number 9721119076: 894013
2024-09-24 06:28:17,197 - info_clinic - INFO - 107 - User with mobile number 9721119076 successfully registered.
2024-09-24 07:40:57,372 - info_clinic - INFO - 49 - Mobile number: 9935266755
2024-09-24 07:40:57,372 - info_clinic - INFO - 53 - OTP generated for mobile number 9935266755: 469115
2024-09-24 07:41:13,480 - info_clinic - INFO - 107 - User with mobile number 9935266755 successfully registered.
2024-09-24 07:47:42,423 - info_clinic - INFO - 49 - Mobile number: 9935266755
2024-09-24 07:47:42,424 - info_clinic - INFO - 53 - OTP generated for mobile number 9935266755: 594030
2024-09-24 07:47:50,540 - info_clinic - INFO - 107 - User with mobile number 9935266755 successfully registered.
2024-09-24 07:48:24,467 - info_clinic - INFO - 49 - Mobile number: 9935266755
2024-09-24 07:48:24,467 - info_clinic - INFO - 53 - OTP generated for mobile number 9935266755: 736295
2024-09-24 07:48:39,051 - info_clinic - INFO - 107 - User with mobile number 9935266755 successfully registered.
2024-09-24 07:55:41,163 - info_clinic - INFO - 49 - Mobile number: 9935266755
2024-09-24 07:55:41,163 - info_clinic - INFO - 53 - OTP generated for mobile number 9935266755: 288128
2024-09-24 07:55:50,171 - info_clinic - INFO - 107 - User with mobile number 9935266755 successfully registered.
2024-09-24 07:57:28,781 - info_clinic - INFO - 49 - Mobile number: 9935266755
2024-09-24 07:57:28,782 - info_clinic - INFO - 53 - OTP generated for mobile number 9935266755: 552941
2024-09-24 07:57:38,310 - info_clinic - INFO - 107 - User with mobile number 9935266755 successfully registered.
2024-09-24 08:00:05,664 - info_clinic - INFO - 49 - Mobile number: 9935266755
2024-09-24 08:00:05,664 - info_clinic - INFO - 53 - OTP generated for mobile number 9935266755: 908712
2024-09-24 08:00:14,914 - info_clinic - INFO - 107 - User with mobile number 9935266755 successfully registered.
2024-09-24 08:01:29,993 - info_clinic - INFO - 49 - Mobile number: 9935266755
2024-09-24 08:01:29,994 - info_clinic - INFO - 53 - OTP generated for mobile number 9935266755: 573703
2024-09-24 08:02:04,938 - info_clinic - INFO - 49 - Mobile number: 9935266755
2024-09-24 08:02:04,939 - info_clinic - INFO - 53 - OTP generated for mobile number 9935266755: 005441
2024-09-24 08:02:15,846 - info_clinic - INFO - 107 - User with mobile number 9935266755 successfully registered.
2024-09-24 09:28:29,738 - info_clinic - INFO - 49 - Mobile number: 9935266755
2024-09-24 09:28:29,739 - info_clinic - INFO - 53 - OTP generated for mobile number 9935266755: 940339
2024-09-24 09:29:35,488 - info_clinic - INFO - 49 - Mobile number: 9935266755
2024-09-24 09:29:35,488 - info_clinic - INFO - 53 - OTP generated for mobile number 9935266755: 837895
2024-09-24 09:29:43,143 - info_clinic - INFO - 107 - User with mobile number 9935266755 successfully registered.
2024-09-25 12:46:21,867 - info_clinic - INFO - 49 - Mobile number: 9935266755
2024-09-25 12:46:21,890 - info_clinic - INFO - 53 - OTP generated for mobile number 9935266755: 205771
2024-09-25 12:46:30,306 - info_clinic - INFO - 107 - User with mobile number 9935266755 successfully registered.
2024-09-25 13:06:25,981 - info_clinic - INFO - 49 - Mobile number: 9935266755
2024-09-25 13:06:25,981 - info_clinic - INFO - 53 - OTP generated for mobile number 9935266755: 319983
2024-09-25 13:06:34,495 - info_clinic - INFO - 107 - User with mobile number 9935266755 successfully registered.
2024-09-30 05:56:32,028 - info_clinic - INFO - 49 - Mobile number: 5555555555
2024-09-30 05:56:32,040 - info_clinic - INFO - 53 - OTP generated for mobile number 5555555555: 991903
2024-09-30 05:56:43,403 - info_clinic - INFO - 107 - User with mobile number 5555555555 successfully registered.
2024-09-30 05:57:41,128 - info_clinic - INFO - 49 - Mobile number: 9161583418
2024-09-30 05:57:41,128 - info_clinic - INFO - 53 - OTP generated for mobile number 9161583418: 260321
2024-09-30 05:57:48,793 - info_clinic - INFO - 107 - User with mobile number 9161583418 successfully registered.
2024-09-30 09:56:39,706 - info_clinic - INFO - 49 - Mobile number: 9935266755
2024-09-30 09:56:39,706 - info_clinic - INFO - 53 - OTP generated for mobile number 9935266755: 449755
2024-09-30 09:57:01,601 - info_clinic - INFO - 107 - User with mobile number 9935266755 successfully registered.
2024-09-30 09:57:55,831 - info_clinic - INFO - 49 - Mobile number: 9935266755
2024-09-30 09:57:55,832 - info_clinic - INFO - 53 - OTP generated for mobile number 9935266755: 896549
2024-09-30 09:58:04,292 - info_clinic - INFO - 107 - User with mobile number 9935266755 successfully registered.
2024-09-30 10:00:03,706 - info_clinic - INFO - 49 - Mobile number: 9935266755
2024-09-30 10:00:03,706 - info_clinic - INFO - 53 - OTP generated for mobile number 9935266755: 018060
2024-09-30 10:00:11,618 - info_clinic - INFO - 107 - User with mobile number 9935266755 successfully registered.
2024-09-30 10:02:38,102 - info_clinic - INFO - 49 - Mobile number: 9625393987
2024-09-30 10:02:38,102 - info_clinic - INFO - 53 - OTP generated for mobile number 9625393987: 657319
2024-09-30 10:02:47,578 - info_clinic - INFO - 107 - User with mobile number 9625393987 successfully registered.
2024-09-30 10:07:38,723 - info_clinic - INFO - 49 - Mobile number: 9695404525
2024-09-30 10:07:38,723 - info_clinic - INFO - 53 - OTP generated for mobile number 9695404525: 292287
2024-09-30 10:07:57,619 - info_clinic - INFO - 107 - User with mobile number 9695404525 successfully registered.
2024-09-30 10:19:54,548 - info_clinic - INFO - 49 - Mobile number: 9889044997
2024-09-30 10:19:54,548 - info_clinic - INFO - 53 - OTP generated for mobile number 9889044997: 609233
2024-09-30 10:20:15,716 - info_clinic - INFO - 107 - User with mobile number 9889044997 successfully registered.
2024-09-30 10:58:39,325 - info_clinic - INFO - 49 - Mobile number: 9625393987
2024-09-30 10:58:39,325 - info_clinic - INFO - 53 - OTP generated for mobile number 9625393987: 625854
2024-09-30 10:58:47,196 - info_clinic - INFO - 107 - User with mobile number 9625393987 successfully registered.
2024-10-01 06:40:44,376 - info_clinic - INFO - 49 - Mobile number: 9625393987
2024-10-01 06:40:44,393 - info_clinic - INFO - 53 - OTP generated for mobile number 9625393987: 570094
2024-10-01 06:40:52,262 - info_clinic - INFO - 107 - User with mobile number 9625393987 successfully registered.
2024-10-01 13:06:59,041 - info_clinic - INFO - 49 - Mobile number: 9161583418
2024-10-01 13:06:59,058 - info_clinic - INFO - 53 - OTP generated for mobile number 9161583418: 999213
2024-10-01 13:15:34,561 - info_clinic - INFO - 50 - Mobile number: 9161583418
2024-10-01 13:15:36,382 - info_clinic - INFO - 56 - OTP generated for mobile number 9161583418: 026868
2024-10-01 13:16:39,640 - info_clinic - INFO - 50 - Mobile number: 9161583418
2024-10-01 13:16:40,516 - info_clinic - INFO - 56 - OTP generated for mobile number 9161583418: 105149
2024-10-01 13:16:52,385 - info_clinic - INFO - 110 - User with mobile number 9161583418 successfully registered.
