2024-06-24 17:44:08,448 - info_reception - INFO - 48 - Mobile number: 9876543211
2024-06-24 17:44:08,448 - info_reception - INFO - 55 - OTP generated for mobile number 9876543211: 317559
2024-06-24 17:44:25,899 - info_reception - INFO - 101 - User with mobile number 9876543211 successfully registered.
2024-06-24 17:46:18,275 - info_reception - INFO - 48 - Mobile number: 9876543212
2024-06-24 17:46:18,275 - info_reception - INFO - 55 - OTP generated for mobile number 9876543212: 291085
2024-06-24 17:46:38,955 - info_reception - INFO - 48 - Mobile number: 9876543212
2024-06-24 17:46:38,955 - info_reception - INFO - 55 - OTP generated for mobile number 9876543212: 244220
2024-06-24 17:46:51,241 - info_reception - INFO - 101 - User with mobile number 9876543212 successfully registered.
2024-06-24 17:52:35,085 - info_reception - INFO - 48 - Mobile number: 9876543219
2024-06-24 17:52:35,085 - info_reception - INFO - 55 - OTP generated for mobile number 9876543219: 323354
2024-06-24 17:52:56,584 - info_reception - INFO - 101 - User with mobile number 9876543219 successfully registered.
2024-06-24 17:54:50,490 - info_reception - INFO - 48 - Mobile number: 9876543299
2024-06-24 17:54:50,490 - info_reception - INFO - 55 - OTP generated for mobile number 9876543299: 626380
2024-06-24 17:55:09,811 - info_reception - INFO - 101 - User with mobile number 9876543299 successfully registered.
2024-06-24 17:59:29,240 - info_reception - INFO - 48 - Mobile number: 9876543290
2024-06-24 17:59:29,240 - info_reception - INFO - 55 - OTP generated for mobile number 9876543290: 187551
2024-06-24 17:59:55,178 - info_reception - INFO - 101 - User with mobile number 9876543290 successfully registered.
2024-06-24 18:13:16,350 - info_reception - INFO - 48 - Mobile number: 1231231235
2024-06-24 18:13:16,350 - info_reception - INFO - 55 - OTP generated for mobile number 1231231235: 788182
2024-06-24 18:14:38,898 - info_reception - INFO - 101 - User with mobile number 1231231235 successfully registered.
2024-06-24 18:23:24,194 - info_reception - INFO - 48 - Mobile number: 9876543211
2024-06-24 18:23:24,194 - info_reception - INFO - 55 - OTP generated for mobile number 9876543211: 604720
2024-06-24 18:23:56,850 - info_reception - INFO - 101 - User with mobile number 9876543211 successfully registered.
2024-06-25 13:05:07,802 - info_reception - INFO - 48 - Mobile number: 9876543217
2024-06-25 13:05:07,805 - info_reception - INFO - 55 - OTP generated for mobile number 9876543217: 830214
2024-06-25 13:07:09,334 - info_reception - INFO - 48 - Mobile number: 9876543217
2024-06-25 13:07:09,335 - info_reception - INFO - 55 - OTP generated for mobile number 9876543217: 800618
2024-06-25 13:07:28,479 - info_reception - INFO - 101 - User with mobile number 9876543217 successfully registered.
2024-06-25 13:56:37,592 - info_reception - INFO - 48 - Mobile number: 9876543219
2024-06-25 13:56:37,608 - info_reception - INFO - 55 - OTP generated for mobile number 9876543219: 768191
2024-06-25 13:56:53,291 - info_reception - INFO - 101 - User with mobile number 9876543219 successfully registered.
2024-06-25 18:19:47,531 - info_reception - INFO - 48 - Mobile number: 9876543211
2024-06-25 18:19:47,532 - info_reception - INFO - 55 - OTP generated for mobile number 9876543211: 049984
2024-06-25 18:20:40,126 - info_reception - INFO - 48 - Mobile number: 9876543219
2024-06-25 18:20:40,127 - info_reception - INFO - 55 - OTP generated for mobile number 9876543219: 917356
2024-06-25 18:23:21,790 - info_reception - INFO - 48 - Mobile number: 9876543219
2024-06-25 18:23:21,791 - info_reception - INFO - 55 - OTP generated for mobile number 9876543219: 249973
2024-06-25 18:23:47,012 - info_reception - INFO - 48 - Mobile number: 9876543219
2024-06-25 18:23:47,014 - info_reception - INFO - 55 - OTP generated for mobile number 9876543219: 554359
2024-06-25 18:24:09,601 - info_reception - INFO - 101 - User with mobile number 9876543219 successfully registered.
2024-06-25 18:35:57,303 - info_reception - INFO - 48 - Mobile number: 9876543216
2024-06-25 18:35:57,304 - info_reception - INFO - 55 - OTP generated for mobile number 9876543216: 167964
2024-06-25 18:36:13,253 - info_reception - INFO - 101 - User with mobile number 9876543216 successfully registered.
2024-06-25 18:36:56,820 - info_reception - INFO - 48 - Mobile number: 9876543214
2024-06-25 18:36:56,821 - info_reception - INFO - 55 - OTP generated for mobile number 9876543214: 893480
2024-06-25 18:37:08,761 - info_reception - INFO - 101 - User with mobile number 9876543214 successfully registered.
2024-06-26 11:16:11,828 - info_reception - INFO - 49 - Mobile number: 1231231231
2024-06-26 11:16:11,830 - info_reception - INFO - 56 - OTP generated for mobile number 1231231231: 280468
2024-06-26 11:16:31,847 - info_reception - INFO - 102 - User with mobile number 1231231231 successfully registered.
2024-06-26 15:37:41,862 - info_reception - INFO - 49 - Mobile number: 9876543211
2024-06-26 15:37:41,862 - info_reception - INFO - 56 - OTP generated for mobile number 9876543211: 085688
2024-06-26 15:37:54,917 - info_reception - INFO - 102 - User with mobile number 9876543211 successfully registered.
2024-06-26 15:47:52,446 - info_reception - INFO - 49 - Mobile number: 9876543210
2024-06-26 15:47:52,447 - info_reception - INFO - 56 - OTP generated for mobile number 9876543210: 286239
2024-06-26 15:48:10,932 - info_reception - INFO - 102 - User with mobile number 9876543210 successfully registered.
2024-06-27 11:27:01,609 - info_reception - INFO - 49 - Mobile number: 9876543213
2024-06-27 11:27:01,611 - info_reception - INFO - 56 - OTP generated for mobile number 9876543213: 561194
2024-06-27 11:27:13,761 - info_reception - INFO - 102 - User with mobile number 9876543213 successfully registered.
2024-07-01 12:35:34,014 - info_reception - INFO - 50 - Mobile number: 9988776655
2024-07-01 12:35:34,014 - info_reception - INFO - 57 - OTP generated for mobile number 9988776655: 183715
2024-07-01 12:35:51,966 - info_reception - INFO - 103 - User with mobile number 9988776655 successfully registered.
2024-07-01 16:58:57,824 - info_reception - INFO - 52 - Mobile number: 1234598760
2024-07-01 16:58:57,824 - info_reception - INFO - 59 - OTP generated for mobile number 1234598760: 220599
2024-07-02 13:25:39,538 - info_reception - INFO - 52 - Mobile number: 9876543218
2024-07-02 13:25:39,538 - info_reception - INFO - 59 - OTP generated for mobile number 9876543218: 677226
2024-07-02 13:25:49,858 - info_reception - INFO - 105 - User with mobile number 9876543218 successfully registered.
2024-07-04 18:21:00,870 - info_reception - INFO - 53 - Mobile number: 1234567898
2024-07-04 18:21:00,872 - info_reception - INFO - 60 - OTP generated for mobile number 1234567898: 599769
2024-07-04 18:21:35,020 - info_reception - INFO - 106 - User with mobile number 1234567898 successfully registered.
2024-07-05 11:51:10,419 - info_reception - INFO - 53 - Mobile number: 9696969696
2024-07-05 11:51:10,420 - info_reception - INFO - 60 - OTP generated for mobile number 9696969696: 847490
2024-07-05 11:51:25,237 - info_reception - INFO - 106 - User with mobile number 9696969696 successfully registered.
2024-07-06 14:26:23,471 - info_reception - INFO - 47 - Mobile number: 9876543203
2024-07-06 14:26:23,473 - info_reception - INFO - 54 - OTP generated for mobile number 9876543203: 693121
2024-07-06 14:26:47,299 - info_reception - INFO - 100 - User with mobile number 9876543203 successfully registered.
2024-07-06 14:38:19,698 - info_reception - INFO - 47 - Mobile number: 9876543333
2024-07-06 14:38:19,699 - info_reception - INFO - 54 - OTP generated for mobile number 9876543333: 453054
2024-07-06 14:38:42,070 - info_reception - INFO - 100 - User with mobile number 9876543333 successfully registered.
2024-07-06 15:01:06,367 - info_reception - INFO - 47 - Mobile number: 9876543255
2024-07-06 15:01:06,367 - info_reception - INFO - 54 - OTP generated for mobile number 9876543255: 625537
2024-07-06 15:01:37,111 - info_reception - INFO - 47 - Mobile number: 9876543255
2024-07-06 15:01:37,112 - info_reception - INFO - 54 - OTP generated for mobile number 9876543255: 649227
2024-07-06 15:01:48,166 - info_reception - INFO - 100 - User with mobile number 9876543255 successfully registered.
2024-07-06 16:49:59,069 - info_reception - INFO - 47 - Mobile number: 9876543216
2024-07-06 16:49:59,071 - info_reception - INFO - 54 - OTP generated for mobile number 9876543216: 134678
2024-07-06 16:50:13,723 - info_reception - INFO - 100 - User with mobile number 9876543216 successfully registered.
2024-07-06 17:48:30,233 - info_reception - INFO - 47 - Mobile number: 9999999987
2024-07-06 17:48:30,235 - info_reception - INFO - 54 - OTP generated for mobile number 9999999987: 217314
2024-07-06 17:49:02,357 - info_reception - INFO - 47 - Mobile number: 9999999987
2024-07-06 17:49:02,358 - info_reception - INFO - 54 - OTP generated for mobile number 9999999987: 516008
2024-07-06 17:49:10,232 - info_reception - INFO - 100 - User with mobile number 9999999987 successfully registered.
2024-07-06 18:03:05,296 - info_reception - INFO - 47 - Mobile number: 9876543234
2024-07-06 18:03:05,297 - info_reception - INFO - 54 - OTP generated for mobile number 9876543234: 989847
2024-07-06 18:03:13,988 - info_reception - INFO - 100 - User with mobile number 9876543234 successfully registered.
2024-07-06 18:12:13,053 - info_reception - INFO - 47 - Mobile number: 9876543230
2024-07-06 18:12:13,053 - info_reception - INFO - 54 - OTP generated for mobile number 9876543230: 091095
2024-07-06 18:12:27,324 - info_reception - INFO - 100 - User with mobile number 9876543230 successfully registered.
2024-07-09 16:38:11,102 - info_reception - INFO - 47 - Mobile number: 9898989898
2024-07-09 16:38:11,102 - info_reception - INFO - 54 - OTP generated for mobile number 9898989898: 205461
2024-07-09 16:38:25,008 - info_reception - INFO - 100 - User with mobile number 9898989898 successfully registered.
2024-07-09 17:41:36,657 - info_reception - INFO - 47 - Mobile number: 9797979797
2024-07-09 17:41:36,657 - info_reception - INFO - 54 - OTP generated for mobile number 9797979797: 098822
2024-07-09 17:41:47,173 - info_reception - INFO - 100 - User with mobile number 9797979797 successfully registered.
2024-07-09 17:43:00,658 - info_reception - INFO - 47 - Mobile number: 6396395963
2024-07-09 17:43:00,673 - info_reception - INFO - 54 - OTP generated for mobile number 6396395963: 589468
2024-07-09 17:43:11,280 - info_reception - INFO - 100 - User with mobile number 6396395963 successfully registered.
2024-07-18 11:11:46,635 - info_reception - INFO - 47 - Mobile number: 9898989898
2024-07-18 11:11:46,635 - info_reception - INFO - 54 - OTP generated for mobile number 9898989898: 221373
2024-07-18 11:11:56,568 - info_reception - INFO - 100 - User with mobile number 9898989898 successfully registered.
2024-07-25 17:14:01,652 - info_reception - INFO - 47 - Mobile number: 7687687876
2024-07-25 17:14:01,655 - info_reception - INFO - 54 - OTP generated for mobile number 7687687876: 661904
2024-07-25 17:14:24,125 - info_reception - INFO - 100 - User with mobile number 7687687876 successfully registered.
2024-07-26 11:58:21,887 - info_reception - INFO - 47 - Mobile number: 9898989898
2024-07-26 11:58:21,888 - info_reception - INFO - 54 - OTP generated for mobile number 9898989898: 880236
2024-07-26 11:58:30,662 - info_reception - INFO - 100 - User with mobile number 9898989898 successfully registered.
2024-07-26 17:04:20,274 - info_reception - INFO - 47 - Mobile number: 2482482482
2024-07-26 17:04:20,274 - info_reception - INFO - 54 - OTP generated for mobile number 2482482482: 895411
2024-07-26 17:04:36,815 - info_reception - INFO - 100 - User with mobile number 2482482482 successfully registered.
2024-07-26 18:26:23,023 - info_reception - INFO - 47 - Mobile number: 9797979797
2024-07-26 18:26:23,023 - info_reception - INFO - 54 - OTP generated for mobile number 9797979797: 765896
2024-07-26 18:26:33,260 - info_reception - INFO - 100 - User with mobile number 9797979797 successfully registered.
2024-08-10 13:45:13,490 - info_reception - INFO - 48 - Mobile number: 2482482482
2024-08-10 13:45:13,492 - info_reception - INFO - 55 - OTP generated for mobile number 2482482482: 972274
2024-08-10 13:45:24,101 - info_reception - INFO - 101 - User with mobile number 2482482482 successfully registered.
2024-08-10 15:34:51,206 - info_reception - INFO - 48 - Mobile number: 2222222222
2024-08-10 15:34:51,207 - info_reception - INFO - 55 - OTP generated for mobile number 2222222222: 841587
2024-08-10 15:35:05,933 - info_reception - INFO - 101 - User with mobile number 2222222222 successfully registered.
2024-08-10 16:08:26,425 - info_reception - INFO - 48 - Mobile number: 7897897897
2024-08-10 16:08:26,426 - info_reception - INFO - 55 - OTP generated for mobile number 7897897897: 003407
2024-08-10 16:08:37,499 - info_reception - INFO - 101 - User with mobile number 7897897897 successfully registered.
2024-08-12 11:14:14,873 - info_reception - INFO - 48 - Mobile number: 7518119962
2024-08-12 11:14:14,876 - info_reception - INFO - 55 - OTP generated for mobile number 7518119962: 456412
2024-08-12 11:14:28,809 - info_reception - INFO - 101 - User with mobile number 7518119962 successfully registered.
2024-08-12 11:18:49,409 - info_reception - INFO - 48 - Mobile number: 9696969696
2024-08-12 11:18:49,410 - info_reception - INFO - 55 - OTP generated for mobile number 9696969696: 121054
2024-08-12 11:18:57,346 - info_reception - INFO - 101 - User with mobile number 9696969696 successfully registered.
2024-08-28 10:33:05,424 - info_reception - INFO - 49 - Mobile number: 9696969696
2024-08-28 10:33:05,424 - info_reception - INFO - 56 - OTP generated for mobile number 9696969696: 093959
2024-08-28 10:33:20,626 - info_reception - INFO - 102 - User with mobile number 9696969696 successfully registered.
2024-09-04 18:18:59,043 - info_reception - INFO - 48 - Mobile number: 9696969696
2024-09-04 18:18:59,045 - info_reception - INFO - 55 - OTP generated for mobile number 9696969696: 337206
2024-09-04 18:19:05,700 - info_reception - INFO - 101 - User with mobile number 9696969696 successfully registered.
2024-09-05 14:47:41,397 - info_reception - INFO - 48 - Mobile number: 9879879879
2024-09-05 14:47:41,399 - info_reception - INFO - 55 - OTP generated for mobile number 9879879879: 141333
2024-09-05 14:47:51,531 - info_reception - INFO - 101 - User with mobile number 9879879879 successfully registered.
2024-09-13 13:36:14,657 - info_reception - INFO - 48 - Mobile number: 7897897897
2024-09-13 13:36:14,659 - info_reception - INFO - 55 - OTP generated for mobile number 7897897897: 841045
2024-09-13 13:36:25,281 - info_reception - INFO - 101 - User with mobile number 7897897897 successfully registered.
2024-09-19 13:16:16,520 - info_reception - INFO - 48 - Mobile number: 9935266755
2024-09-19 13:16:16,521 - info_reception - INFO - 55 - OTP generated for mobile number 9935266755: 842385
2024-09-19 13:16:58,867 - info_reception - INFO - 48 - Mobile number: 9935266755
2024-09-19 13:16:58,867 - info_reception - INFO - 55 - OTP generated for mobile number 9935266755: 507926
2024-09-19 13:20:31,493 - info_reception - INFO - 48 - Mobile number: 9935266755
2024-09-19 13:20:31,494 - info_reception - INFO - 55 - OTP generated for mobile number 9935266755: 307606
2024-09-20 07:19:18,137 - info_reception - INFO - 48 - Mobile number: 9935266755
2024-09-20 07:19:18,138 - info_reception - INFO - 55 - OTP generated for mobile number 9935266755: 778895
2024-09-20 07:19:57,789 - info_reception - INFO - 101 - User with mobile number 9935266755 successfully registered.
2024-09-20 07:26:20,219 - info_reception - INFO - 48 - Mobile number: 9935266755
2024-09-20 07:26:20,230 - info_reception - INFO - 55 - OTP generated for mobile number 9935266755: 544392
2024-09-20 07:26:29,078 - info_reception - INFO - 101 - User with mobile number 9935266755 successfully registered.
2024-09-20 07:31:00,106 - info_reception - INFO - 48 - Mobile number: 9935266755
2024-09-20 07:31:00,106 - info_reception - INFO - 55 - OTP generated for mobile number 9935266755: 299596
2024-09-20 07:31:42,254 - info_reception - INFO - 48 - Mobile number: 9935266755
2024-09-20 07:31:42,255 - info_reception - INFO - 55 - OTP generated for mobile number 9935266755: 934737
2024-09-20 07:31:50,691 - info_reception - INFO - 101 - User with mobile number 9935266755 successfully registered.
2024-09-20 07:35:30,621 - info_reception - INFO - 48 - Mobile number: 9935266755
2024-09-20 07:35:30,632 - info_reception - INFO - 55 - OTP generated for mobile number 9935266755: 610476
2024-09-20 07:35:39,625 - info_reception - INFO - 101 - User with mobile number 9935266755 successfully registered.
2024-09-20 07:37:19,692 - info_reception - INFO - 48 - Mobile number: 9935266755
2024-09-20 07:37:19,692 - info_reception - INFO - 55 - OTP generated for mobile number 9935266755: 566245
2024-09-20 07:37:30,406 - info_reception - INFO - 101 - User with mobile number 9935266755 successfully registered.
2024-09-20 07:39:07,352 - info_reception - INFO - 48 - Mobile number: 9935266755
2024-09-20 07:39:07,352 - info_reception - INFO - 55 - OTP generated for mobile number 9935266755: 523700
2024-09-20 07:39:15,308 - info_reception - INFO - 101 - User with mobile number 9935266755 successfully registered.
2024-09-20 07:39:56,354 - info_reception - INFO - 48 - Mobile number: 9935266755
2024-09-20 07:39:56,354 - info_reception - INFO - 55 - OTP generated for mobile number 9935266755: 854348
2024-09-20 07:40:04,133 - info_reception - INFO - 101 - User with mobile number 9935266755 successfully registered.
2024-09-20 07:44:05,225 - info_reception - INFO - 48 - Mobile number: 9935266755
2024-09-20 07:44:05,225 - info_reception - INFO - 55 - OTP generated for mobile number 9935266755: 860842
2024-09-20 07:44:13,030 - info_reception - INFO - 101 - User with mobile number 9935266755 successfully registered.
2024-09-20 07:45:33,323 - info_reception - INFO - 48 - Mobile number: 9935266755
2024-09-20 07:45:33,324 - info_reception - INFO - 55 - OTP generated for mobile number 9935266755: 223869
2024-09-20 07:45:41,359 - info_reception - INFO - 101 - User with mobile number 9935266755 successfully registered.
2024-09-20 07:47:26,743 - info_reception - INFO - 48 - Mobile number: 9935266755
2024-09-20 07:47:26,744 - info_reception - INFO - 55 - OTP generated for mobile number 9935266755: 826875
2024-09-20 07:47:37,777 - info_reception - INFO - 101 - User with mobile number 9935266755 successfully registered.
2024-09-20 07:48:09,376 - info_reception - INFO - 48 - Mobile number: 9935266755
2024-09-20 07:48:09,377 - info_reception - INFO - 55 - OTP generated for mobile number 9935266755: 082432
2024-09-20 07:51:34,701 - info_reception - INFO - 48 - Mobile number: 9935266755
2024-09-20 07:51:34,701 - info_reception - INFO - 55 - OTP generated for mobile number 9935266755: 910443
2024-09-20 07:51:43,446 - info_reception - INFO - 101 - User with mobile number 9935266755 successfully registered.
2024-09-20 07:54:48,903 - info_reception - INFO - 48 - Mobile number: 9935266755
2024-09-20 07:54:48,903 - info_reception - INFO - 55 - OTP generated for mobile number 9935266755: 976772
2024-09-20 07:54:56,024 - info_reception - INFO - 101 - User with mobile number 9935266755 successfully registered.
2024-09-20 07:57:25,500 - info_reception - INFO - 48 - Mobile number: 9935266755
2024-09-20 07:57:25,517 - info_reception - INFO - 55 - OTP generated for mobile number 9935266755: 264809
2024-09-20 07:57:32,631 - info_reception - INFO - 101 - User with mobile number 9935266755 successfully registered.
2024-09-20 07:58:32,478 - info_reception - INFO - 48 - Mobile number: 9935266755
2024-09-20 07:58:32,479 - info_reception - INFO - 55 - OTP generated for mobile number 9935266755: 773561
2024-09-20 07:58:40,432 - info_reception - INFO - 101 - User with mobile number 9935266755 successfully registered.
2024-09-20 08:00:01,353 - info_reception - INFO - 48 - Mobile number: 9935266755
2024-09-20 08:00:01,353 - info_reception - INFO - 55 - OTP generated for mobile number 9935266755: 223656
2024-09-20 08:00:09,172 - info_reception - INFO - 101 - User with mobile number 9935266755 successfully registered.
2024-09-20 08:02:17,809 - info_reception - INFO - 48 - Mobile number: 9935266755
2024-09-20 08:02:17,809 - info_reception - INFO - 55 - OTP generated for mobile number 9935266755: 492489
2024-09-20 08:02:26,860 - info_reception - INFO - 101 - User with mobile number 9935266755 successfully registered.
2024-09-20 08:03:32,119 - info_reception - INFO - 48 - Mobile number: 9935266755
2024-09-20 08:03:32,120 - info_reception - INFO - 55 - OTP generated for mobile number 9935266755: 063384
2024-09-20 08:03:41,231 - info_reception - INFO - 101 - User with mobile number 9935266755 successfully registered.
2024-09-20 08:04:42,552 - info_reception - INFO - 48 - Mobile number: 9935266755
2024-09-20 08:04:42,567 - info_reception - INFO - 55 - OTP generated for mobile number 9935266755: 627727
2024-09-20 08:04:51,041 - info_reception - INFO - 101 - User with mobile number 9935266755 successfully registered.
2024-09-20 08:05:27,221 - info_reception - INFO - 48 - Mobile number: 9935266755
2024-09-20 08:05:27,222 - info_reception - INFO - 55 - OTP generated for mobile number 9935266755: 755560
2024-09-20 08:05:35,357 - info_reception - INFO - 101 - User with mobile number 9935266755 successfully registered.
2024-09-20 08:06:17,594 - info_reception - INFO - 48 - Mobile number: 9935266755
2024-09-20 08:06:17,594 - info_reception - INFO - 55 - OTP generated for mobile number 9935266755: 909699
2024-09-20 08:06:31,055 - info_reception - INFO - 101 - User with mobile number 9935266755 successfully registered.
2024-09-20 09:11:10,425 - info_reception - INFO - 48 - Mobile number: 9935266755
2024-09-20 09:11:10,425 - info_reception - INFO - 55 - OTP generated for mobile number 9935266755: 008900
2024-09-20 09:11:48,347 - info_reception - INFO - 48 - Mobile number: 9935266755
2024-09-20 09:11:48,347 - info_reception - INFO - 55 - OTP generated for mobile number 9935266755: 802150
2024-09-20 09:11:58,475 - info_reception - INFO - 101 - User with mobile number 9935266755 successfully registered.
2024-09-20 09:15:00,855 - info_reception - INFO - 48 - Mobile number: 9935266755
2024-09-20 09:15:00,856 - info_reception - INFO - 55 - OTP generated for mobile number 9935266755: 647953
2024-09-20 09:15:08,419 - info_reception - INFO - 101 - User with mobile number 9935266755 successfully registered.
2024-09-20 09:16:20,669 - info_reception - INFO - 48 - Mobile number: 9935266755
2024-09-20 09:16:20,669 - info_reception - INFO - 55 - OTP generated for mobile number 9935266755: 411314
2024-09-20 09:16:38,318 - info_reception - INFO - 101 - User with mobile number 9935266755 successfully registered.
2024-09-20 09:27:52,145 - info_reception - INFO - 48 - Mobile number: 9935266755
2024-09-20 09:27:52,145 - info_reception - INFO - 55 - OTP generated for mobile number 9935266755: 481612
2024-09-20 09:28:01,427 - info_reception - INFO - 101 - User with mobile number 9935266755 successfully registered.
2024-09-20 09:36:47,363 - info_reception - INFO - 48 - Mobile number: 9935266755
2024-09-20 09:36:47,364 - info_reception - INFO - 55 - OTP generated for mobile number 9935266755: 605476
2024-09-20 09:36:56,827 - info_reception - INFO - 101 - User with mobile number 9935266755 successfully registered.
2024-09-20 09:39:09,419 - info_reception - INFO - 48 - Mobile number: 9935266755
2024-09-20 09:39:09,420 - info_reception - INFO - 55 - OTP generated for mobile number 9935266755: 002151
2024-09-20 09:39:20,352 - info_reception - INFO - 101 - User with mobile number 9935266755 successfully registered.
2024-09-20 09:42:22,945 - info_reception - INFO - 48 - Mobile number: 9935266755
2024-09-20 09:42:22,946 - info_reception - INFO - 55 - OTP generated for mobile number 9935266755: 464313
2024-09-20 09:46:06,878 - info_reception - INFO - 48 - Mobile number: 9935266755
2024-09-20 09:46:06,878 - info_reception - INFO - 55 - OTP generated for mobile number 9935266755: 318396
2024-09-20 09:46:38,151 - info_reception - INFO - 48 - Mobile number: 9935266755
2024-09-20 09:46:38,154 - info_reception - INFO - 55 - OTP generated for mobile number 9935266755: 096927
2024-09-20 09:46:51,757 - info_reception - INFO - 101 - User with mobile number 9935266755 successfully registered.
2024-09-20 09:47:44,019 - info_reception - INFO - 48 - Mobile number: 9935266755
2024-09-20 09:47:44,019 - info_reception - INFO - 55 - OTP generated for mobile number 9935266755: 352339
2024-09-20 09:47:55,333 - info_reception - INFO - 101 - User with mobile number 9935266755 successfully registered.
2024-09-20 09:48:17,597 - info_reception - INFO - 48 - Mobile number: 9935266755
2024-09-20 09:48:17,598 - info_reception - INFO - 55 - OTP generated for mobile number 9935266755: 152860
2024-09-20 09:48:39,312 - info_reception - INFO - 101 - User with mobile number 9935266755 successfully registered.
2024-09-20 09:49:27,558 - info_reception - INFO - 48 - Mobile number: 9935266755
2024-09-20 09:49:27,559 - info_reception - INFO - 55 - OTP generated for mobile number 9935266755: 763409
2024-09-20 09:49:41,714 - info_reception - INFO - 101 - User with mobile number 9935266755 successfully registered.
2024-09-20 09:50:24,300 - info_reception - INFO - 48 - Mobile number: 9935266755
2024-09-20 09:50:24,301 - info_reception - INFO - 55 - OTP generated for mobile number 9935266755: 791282
2024-09-20 09:50:32,992 - info_reception - INFO - 101 - User with mobile number 9935266755 successfully registered.
2024-09-20 09:51:17,359 - info_reception - INFO - 48 - Mobile number: 9935266755
2024-09-20 09:51:17,360 - info_reception - INFO - 55 - OTP generated for mobile number 9935266755: 256745
2024-09-20 09:51:25,344 - info_reception - INFO - 101 - User with mobile number 9935266755 successfully registered.
2024-09-24 09:24:44,857 - info_reception - INFO - 48 - Mobile number: 9935266755
2024-09-24 09:24:44,871 - info_reception - INFO - 55 - OTP generated for mobile number 9935266755: 013474
2024-09-24 09:24:53,259 - info_reception - INFO - 101 - User with mobile number 9935266755 successfully registered.
2024-09-30 10:52:44,597 - info_reception - INFO - 48 - Mobile number: 8080808080
2024-09-30 10:52:44,612 - info_reception - INFO - 55 - OTP generated for mobile number 8080808080: 543576
2024-09-30 10:52:53,210 - info_reception - INFO - 101 - User with mobile number 8080808080 successfully registered.
2024-09-30 10:53:24,016 - info_reception - INFO - 48 - Mobile number: 9580260516
2024-09-30 10:53:24,016 - info_reception - INFO - 55 - OTP generated for mobile number 9580260516: 623090
2024-09-30 10:53:34,560 - info_reception - INFO - 101 - User with mobile number 9580260516 successfully registered.
2024-10-17 13:23:37,258 - info_reception - INFO - 49 - Mobile number: 9935266755
2024-10-17 13:23:37,279 - info_reception - INFO - 58 - OTP generated for mobile number 9935266755: 529519
2024-10-17 13:23:50,128 - info_reception - INFO - 104 - User with mobile number 9935266755 successfully registered.
2024-10-21 10:07:49,540 - info_reception - INFO - 49 - Mobile number: 6388793340
2024-10-21 10:07:49,553 - info_reception - INFO - 58 - OTP generated for mobile number 6388793340: 414311
2024-10-21 10:11:09,857 - info_reception - INFO - 49 - Mobile number: 6388793340
2024-10-21 10:11:10,310 - info_reception - INFO - 58 - OTP generated for mobile number 6388793340: 914978
2024-10-21 10:11:25,293 - info_reception - INFO - 104 - User with mobile number 6388793340 successfully registered.
2024-10-21 10:31:10,702 - info_reception - INFO - 49 - Mobile number: 6388793340
2024-10-21 10:31:11,141 - info_reception - INFO - 58 - OTP generated for mobile number 6388793340: 624802
2024-10-21 10:31:42,941 - info_reception - INFO - 104 - User with mobile number 6388793340 successfully registered.
2024-10-23 12:04:50,661 - info_reception - INFO - 49 - Mobile number: 8899771222
2024-10-23 12:04:51,086 - info_reception - INFO - 58 - OTP generated for mobile number 8899771222: 778835
2024-11-04 08:03:29,172 - info_reception - INFO - 49 - Mobile number: 6392535512
2024-11-04 08:03:29,620 - info_reception - INFO - 58 - OTP generated for mobile number 6392535512: 750076
2024-11-04 08:04:00,063 - info_reception - INFO - 49 - Mobile number: 6392535512
2024-11-04 08:04:00,639 - info_reception - INFO - 58 - OTP generated for mobile number 6392535512: 406986
2024-11-04 09:26:05,031 - info_reception - INFO - 49 - Mobile number: 6392535512
2024-11-04 09:26:05,476 - info_reception - INFO - 58 - OTP generated for mobile number 6392535512: 771672
2024-11-04 09:26:31,863 - info_reception - INFO - 49 - Mobile number: 6392535512
2024-11-04 09:26:32,302 - info_reception - INFO - 58 - OTP generated for mobile number 6392535512: 952837
2024-11-04 09:28:08,073 - info_reception - INFO - 49 - Mobile number: 6392535512
2024-11-04 09:28:08,544 - info_reception - INFO - 58 - OTP generated for mobile number 6392535512: 288570
