2024-06-03 12:44:19,933 - info_subdoctor - INFO - 32 - Mobile number: 9935266755
2024-06-03 12:44:19,934 - info_subdoctor - INFO - 38 - OTP generated for mobile number 9935266755: 758833
2024-06-03 12:45:41,044 - info_subdoctor - INFO - 32 - Mobile number: 9935266755
2024-06-03 12:45:41,045 - info_subdoctor - INFO - 38 - OTP generated for mobile number 9935266755: 782377
2024-06-03 12:47:01,687 - info_subdoctor - INFO - 32 - Mobile number: 9935266755
2024-06-03 12:47:01,688 - info_subdoctor - INFO - 38 - OTP generated for mobile number 9935266755: 987765
2024-06-03 12:51:01,616 - info_subdoctor - INFO - 33 - Mobile number: 9935266755
2024-06-03 12:51:01,617 - info_subdoctor - INFO - 39 - OTP generated for mobile number 9935266755: 839734
2024-06-03 12:51:33,494 - info_subdoctor - INFO - 33 - Mobile number: 9935266755
2024-06-03 12:51:33,495 - info_subdoctor - INFO - 39 - OTP generated for mobile number 9935266755: 180995
2024-06-03 12:53:18,963 - info_subdoctor - INFO - 33 - Mobile number: 9935266755
2024-06-03 12:53:18,963 - info_subdoctor - INFO - 39 - OTP generated for mobile number 9935266755: 072236
2024-06-03 12:54:17,474 - info_subdoctor - INFO - 33 - Mobile number: 9935266755
2024-06-03 12:54:17,474 - info_subdoctor - INFO - 39 - OTP generated for mobile number 9935266755: 380032
2024-06-03 12:54:33,009 - info_subdoctor - INFO - 33 - Mobile number: 9935266755
2024-06-03 12:54:33,009 - info_subdoctor - INFO - 39 - OTP generated for mobile number 9935266755: 603699
2024-06-03 12:55:30,474 - info_subdoctor - INFO - 33 - Mobile number: 9935266755
2024-06-03 12:55:30,490 - info_subdoctor - INFO - 39 - OTP generated for mobile number 9935266755: 297361
2024-06-03 12:56:00,279 - info_subdoctor - INFO - 33 - Mobile number: 9935266755
2024-06-03 12:56:00,280 - info_subdoctor - INFO - 39 - OTP generated for mobile number 9935266755: 636455
2024-06-03 12:57:25,635 - info_subdoctor - INFO - 33 - Mobile number: 9935266755
2024-06-03 12:57:25,636 - info_subdoctor - INFO - 39 - OTP generated for mobile number 9935266755: 698431
2024-06-03 12:58:07,890 - info_subdoctor - INFO - 33 - Mobile number: 9935266755
2024-06-03 12:58:07,891 - info_subdoctor - INFO - 39 - OTP generated for mobile number 9935266755: 834621
2024-06-03 12:58:30,705 - info_subdoctor - INFO - 33 - Mobile number: 9935266755
2024-06-03 12:58:30,706 - info_subdoctor - INFO - 39 - OTP generated for mobile number 9935266755: 968839
2024-06-03 13:10:23,572 - info_subdoctor - INFO - 33 - Mobile number: 9935266755
2024-06-03 13:10:23,573 - info_subdoctor - INFO - 39 - OTP generated for mobile number 9935266755: 886344
2024-06-03 13:11:17,182 - info_subdoctor - INFO - 33 - Mobile number: 9935266755
2024-06-03 13:11:17,184 - info_subdoctor - INFO - 39 - OTP generated for mobile number 9935266755: 742703
2024-06-03 13:13:39,285 - info_subdoctor - INFO - 32 - Mobile number: 9935266755
2024-06-03 13:13:39,286 - info_subdoctor - INFO - 38 - OTP generated for mobile number 9935266755: 875614
2024-06-03 13:13:57,489 - info_subdoctor - INFO - 32 - Mobile number: 9935266755
2024-06-03 13:13:57,490 - info_subdoctor - INFO - 38 - OTP generated for mobile number 9935266755: 122871
2024-06-03 13:14:31,012 - info_subdoctor - INFO - 33 - Mobile number: 9935266755
2024-06-03 13:14:31,013 - info_subdoctor - INFO - 39 - OTP generated for mobile number 9935266755: 658772
2024-06-03 13:15:36,547 - info_subdoctor - INFO - 44 - Mobile number: 9935266755
2024-06-03 13:15:36,548 - info_subdoctor - INFO - 50 - OTP generated for mobile number 9935266755: 431416
2024-06-03 13:16:48,888 - info_subdoctor - INFO - 33 - Mobile number: 9935266755
2024-06-03 13:16:48,893 - info_subdoctor - INFO - 39 - OTP generated for mobile number 9935266755: 225627
2024-06-03 13:17:09,281 - info_subdoctor - INFO - 50 - Mobile number: 9935266755, OTP: 225627
2024-06-03 13:17:25,895 - info_subdoctor - INFO - 50 - Mobile number: 9935266755, OTP: 225627
2024-06-03 13:17:59,068 - info_subdoctor - INFO - 50 - Mobile number: 9935266755, OTP: 225627
2024-06-03 13:18:08,866 - info_subdoctor - INFO - 33 - Mobile number: 9935266755
2024-06-03 13:18:08,867 - info_subdoctor - INFO - 39 - OTP generated for mobile number 9935266755: 420298
2024-06-03 13:18:17,461 - info_subdoctor - INFO - 50 - Mobile number: 9935266755, OTP: 420298
2024-06-03 13:18:17,469 - info_subdoctor - INFO - 74 - User with mobile number 9935266755 successfully registered
2024-06-03 13:19:09,286 - info_subdoctor - INFO - 100 - OTP generated successfully 251517
2024-06-03 13:20:49,169 - info_subdoctor - INFO - 100 - OTP generated successfully 085831
2024-06-03 13:20:57,368 - info_subdoctor - INFO - 127 - Login successful for mobile number: 9935266755
2024-06-03 13:28:38,133 - info_subdoctor - INFO - 200 - Doctor details saved successfully
2024-06-03 13:30:20,205 - info_subdoctor - INFO - 222 - User Details Updated successfully
2024-06-03 14:34:36,388 - info_subdoctor - INFO - 34 - Mobile number: 9935266755
2024-06-03 14:34:39,132 - info_subdoctor - INFO - 41 - OTP generated for mobile number 9935266755: 998840
2024-06-03 14:36:06,219 - info_subdoctor - INFO - 52 - Mobile number: 9935266755, OTP: 998840
2024-06-03 14:36:06,226 - info_subdoctor - INFO - 76 - User with mobile number 9935266755 successfully registered
2024-06-03 14:36:29,958 - info_subdoctor - INFO - 104 - OTP generated successfully 360055
2024-06-03 14:36:45,346 - info_subdoctor - INFO - 131 - Login successful for mobile number: 9935266755
2024-06-03 14:36:57,006 - info_subdoctor - INFO - 204 - Doctor details saved successfully
2024-06-15 15:41:21,664 - info_subdoctor - INFO - 35 - Mobile number: 1234567897
2024-06-15 15:41:21,664 - info_subdoctor - INFO - 42 - OTP generated for mobile number 1234567897: 886063
2024-06-15 15:48:10,329 - info_subdoctor - INFO - 35 - Mobile number: 1234567897
2024-06-15 15:48:10,329 - info_subdoctor - INFO - 42 - OTP generated for mobile number 1234567897: 622540
2024-06-15 15:48:42,993 - info_subdoctor - INFO - 94 - User with mobile number 1234567897 successfully registered.
2024-06-15 15:57:34,798 - info_subdoctor - INFO - 132 - Doctor details saved successfully
2024-06-15 18:44:30,662 - info_subdoctor - INFO - 35 - Mobile number: 1234567898
2024-06-15 18:44:30,663 - info_subdoctor - INFO - 42 - OTP generated for mobile number 1234567898: 533441
2024-06-15 18:44:52,000 - info_subdoctor - INFO - 88 - User with mobile number 1234567898 successfully registered.
2024-06-15 18:45:41,954 - info_subdoctor - INFO - 132 - Doctor details saved successfully
2024-06-17 11:05:10,864 - info_subdoctor - INFO - 132 - Doctor details saved successfully
2024-06-17 13:06:38,209 - info_subdoctor - INFO - 35 - Mobile number: 9935266755
2024-06-17 13:06:38,210 - info_subdoctor - INFO - 42 - OTP generated for mobile number 9935266755: 086615
2024-06-17 13:08:16,647 - info_subdoctor - INFO - 45 - Mobile number: 9935266741
2024-06-17 13:08:16,648 - info_subdoctor - INFO - 52 - OTP generated for mobile number 9935266741: 292828
2024-06-17 14:15:50,674 - info_subdoctor - INFO - 42 - Mobile number: 6363636363
2024-06-17 14:15:50,675 - info_subdoctor - INFO - 49 - OTP generated for mobile number 6363636363: 931365
2024-06-17 14:16:21,341 - info_subdoctor - INFO - 95 - User with mobile number 6363636363 successfully registered.
2024-06-17 15:41:56,320 - info_subdoctor - INFO - 45 - Mobile number: 7518868210
2024-06-17 15:41:56,336 - info_subdoctor - INFO - 52 - OTP generated for mobile number 7518868210: 821586
2024-06-18 11:35:22,535 - info_subdoctor - INFO - 45 - Mobile number: 9935266741
2024-06-18 11:35:22,537 - info_subdoctor - INFO - 52 - OTP generated for mobile number 9935266741: 912105
2024-06-18 11:36:44,521 - info_subdoctor - INFO - 63 - Mobile number: 9935266741, OTP: 912105
2024-06-18 11:36:44,530 - info_subdoctor - INFO - 87 - User with mobile number 9935266741 successfully registered
2024-06-18 11:39:58,188 - info_subdoctor - INFO - 42 - Mobile number: 6758686800
2024-06-18 11:39:58,188 - info_subdoctor - INFO - 49 - OTP generated for mobile number 6758686800: 908260
2024-06-18 11:40:33,497 - info_subdoctor - INFO - 95 - User with mobile number 6758686800 successfully registered.
2024-06-18 12:01:27,342 - info_subdoctor - INFO - 45 - Mobile number: 7518868210
2024-06-18 12:01:27,344 - info_subdoctor - INFO - 52 - OTP generated for mobile number 7518868210: 253229
2024-06-18 12:01:38,324 - info_subdoctor - INFO - 45 - Mobile number: 7518868210
2024-06-18 12:01:38,325 - info_subdoctor - INFO - 52 - OTP generated for mobile number 7518868210: 047622
2024-06-18 16:04:14,685 - info_subdoctor - INFO - 45 - Mobile number: 7518868210
2024-06-18 16:04:14,685 - info_subdoctor - INFO - 52 - OTP generated for mobile number 7518868210: 384790
2024-06-18 16:27:21,066 - info_subdoctor - INFO - 139 - Doctor details saved successfully
2024-06-18 16:28:21,374 - info_subdoctor - INFO - 139 - Doctor details saved successfully
2024-06-18 16:55:38,288 - info_subdoctor - INFO - 42 - Mobile number: 1111111111
2024-06-18 16:55:38,288 - info_subdoctor - INFO - 49 - OTP generated for mobile number 1111111111: 647663
2024-06-18 16:55:58,254 - info_subdoctor - INFO - 95 - User with mobile number 1111111111 successfully registered.
2024-06-18 16:56:20,079 - info_subdoctor - INFO - 144 - Doctor details saved successfully
2024-06-18 16:56:41,530 - info_subdoctor - INFO - 42 - Mobile number: 2222222222
2024-06-18 16:56:41,531 - info_subdoctor - INFO - 49 - OTP generated for mobile number 2222222222: 794081
2024-06-18 16:56:59,666 - info_subdoctor - INFO - 95 - User with mobile number 2222222222 successfully registered.
2024-06-18 16:57:29,406 - info_subdoctor - INFO - 144 - Doctor details saved successfully
2024-06-19 13:49:26,366 - info_subdoctor - INFO - 146 - Doctor details saved successfully
2024-06-19 14:38:36,551 - info_subdoctor - INFO - 146 - Doctor details saved successfully
2024-06-19 14:39:15,765 - info_subdoctor - INFO - 146 - Doctor details saved successfully
2024-06-19 15:08:44,775 - info_subdoctor - INFO - 44 - Mobile number: 3333333333
2024-06-19 15:08:44,776 - info_subdoctor - INFO - 51 - OTP generated for mobile number 3333333333: 203372
2024-06-19 15:10:25,997 - info_subdoctor - INFO - 44 - Mobile number: 3333333333
2024-06-19 15:10:25,997 - info_subdoctor - INFO - 51 - OTP generated for mobile number 3333333333: 696931
2024-06-19 15:11:08,305 - info_subdoctor - INFO - 44 - Mobile number: 3333333333
2024-06-19 15:11:08,306 - info_subdoctor - INFO - 51 - OTP generated for mobile number 3333333333: 870981
2024-06-19 15:11:43,323 - info_subdoctor - INFO - 44 - Mobile number: 3333333333
2024-06-19 15:11:43,323 - info_subdoctor - INFO - 51 - OTP generated for mobile number 3333333333: 793203
2024-06-19 15:13:30,113 - info_subdoctor - INFO - 44 - Mobile number: 3333333333
2024-06-19 15:13:30,113 - info_subdoctor - INFO - 51 - OTP generated for mobile number 3333333333: 869281
2024-06-19 15:13:43,046 - info_subdoctor - INFO - 97 - User with mobile number 3333333333 successfully registered.
2024-06-19 15:14:05,093 - info_subdoctor - INFO - 146 - Doctor details saved successfully
2024-06-19 17:05:27,354 - info_subdoctor - INFO - 47 - Mobile number: 1234567896
2024-06-19 17:05:27,355 - info_subdoctor - INFO - 54 - OTP generated for mobile number 1234567896: 895859
2024-06-19 17:06:47,974 - info_subdoctor - INFO - 47 - Mobile number: 1234567896
2024-06-19 17:06:47,975 - info_subdoctor - INFO - 54 - OTP generated for mobile number 1234567896: 818510
2024-06-19 17:07:07,546 - info_subdoctor - INFO - 47 - Mobile number: 1234567896
2024-06-19 17:07:07,547 - info_subdoctor - INFO - 54 - OTP generated for mobile number 1234567896: 549401
2024-06-19 17:08:08,825 - info_subdoctor - INFO - 47 - Mobile number: 1234567896
2024-06-19 17:08:08,825 - info_subdoctor - INFO - 54 - OTP generated for mobile number 1234567896: 298937
2024-06-19 17:11:50,751 - info_subdoctor - INFO - 47 - Mobile number: 1234567896
2024-06-19 17:11:50,751 - info_subdoctor - INFO - 54 - OTP generated for mobile number 1234567896: 603224
2024-06-19 17:12:48,351 - info_subdoctor - INFO - 47 - Mobile number: 1234567896
2024-06-19 17:12:48,351 - info_subdoctor - INFO - 54 - OTP generated for mobile number 1234567896: 836934
2024-06-19 17:12:57,168 - info_subdoctor - INFO - 168 - User with mobile number 1234567896 successfully registered.
2024-06-19 17:15:44,450 - info_subdoctor - INFO - 47 - Mobile number: 1234567898
2024-06-19 17:15:44,451 - info_subdoctor - INFO - 54 - OTP generated for mobile number 1234567898: 444611
2024-06-19 17:16:04,414 - info_subdoctor - INFO - 168 - User with mobile number 1234567898 successfully registered.
2024-06-20 14:45:39,705 - info_subdoctor - INFO - 44 - Mobile number: 6386326186
2024-06-20 14:45:39,705 - info_subdoctor - INFO - 51 - OTP generated for mobile number 6386326186: 623539
2024-06-20 14:45:47,752 - info_subdoctor - INFO - 44 - Mobile number: 6386326186
2024-06-20 14:45:47,752 - info_subdoctor - INFO - 51 - OTP generated for mobile number 6386326186: 937967
2024-06-20 14:46:55,251 - info_subdoctor - INFO - 97 - User with mobile number 6386326186 successfully registered.
2024-06-20 17:13:13,650 - info_subdoctor - INFO - 46 - Mobile number: 4444444444
2024-06-20 17:13:13,650 - info_subdoctor - INFO - 53 - OTP generated for mobile number 4444444444: 006384
2024-06-20 17:13:35,573 - info_subdoctor - INFO - 99 - User with mobile number 4444444444 successfully registered.
2024-06-20 17:14:17,862 - info_subdoctor - INFO - 148 - Doctor details saved successfully
2024-06-21 11:25:52,714 - info_subdoctor - INFO - 47 - Mobile number: 5555555555
2024-06-21 11:25:52,716 - info_subdoctor - INFO - 54 - OTP generated for mobile number 5555555555: 619005
2024-06-21 11:26:11,783 - info_subdoctor - INFO - 100 - User with mobile number 5555555555 successfully registered.
2024-06-21 12:31:20,801 - info_subdoctor - INFO - 47 - Mobile number: 8766324585
2024-06-21 12:31:20,801 - info_subdoctor - INFO - 54 - OTP generated for mobile number 8766324585: 233404
2024-06-21 12:31:50,125 - info_subdoctor - INFO - 100 - User with mobile number 8766324585 successfully registered.
2024-06-21 15:08:54,792 - info_subdoctor - INFO - 47 - Mobile number: 9876543210
2024-06-21 15:08:54,792 - info_subdoctor - INFO - 54 - OTP generated for mobile number 9876543210: 058386
2024-06-21 15:09:20,968 - info_subdoctor - INFO - 47 - Mobile number: 9876543210
2024-06-21 15:09:20,969 - info_subdoctor - INFO - 54 - OTP generated for mobile number 9876543210: 791519
2024-06-21 15:09:25,561 - info_subdoctor - INFO - 47 - Mobile number: 9876543210
2024-06-21 15:09:25,561 - info_subdoctor - INFO - 54 - OTP generated for mobile number 9876543210: 093747
2024-06-21 15:10:23,695 - info_subdoctor - INFO - 47 - Mobile number: 9876543210
2024-06-21 15:10:23,695 - info_subdoctor - INFO - 54 - OTP generated for mobile number 9876543210: 117932
2024-06-21 15:10:45,521 - info_subdoctor - INFO - 47 - Mobile number: 9876543210
2024-06-21 15:10:45,523 - info_subdoctor - INFO - 54 - OTP generated for mobile number 9876543210: 445444
2024-06-21 15:10:48,320 - info_subdoctor - INFO - 47 - Mobile number: 9876543210
2024-06-21 15:10:48,321 - info_subdoctor - INFO - 54 - OTP generated for mobile number 9876543210: 540302
2024-06-21 15:10:58,652 - info_subdoctor - INFO - 47 - Mobile number: 9876543210
2024-06-21 15:10:58,652 - info_subdoctor - INFO - 54 - OTP generated for mobile number 9876543210: 244345
2024-06-21 17:44:09,691 - info_subdoctor - INFO - 151 - Doctor details saved successfully
2024-07-01 17:06:12,747 - info_subdoctor - INFO - 34 - Mobile number: 9935266752
2024-07-01 17:06:12,749 - info_subdoctor - INFO - 41 - OTP generated for mobile number 9935266752: 315780
2024-07-01 17:06:46,213 - info_subdoctor - INFO - 52 - Mobile number: 9935266752, OTP: 315780
2024-07-01 17:06:46,216 - info_subdoctor - INFO - 76 - User with mobile number 9935266752 successfully registered
2024-07-01 17:07:19,498 - info_subdoctor - INFO - 204 - Doctor details saved successfully
2024-07-01 17:12:44,753 - info_subdoctor - INFO - 204 - Doctor details saved successfully
